<?xml version="1.0" encoding="UTF-8"?>
<testsuite name="org.practice.springboot.web.IndexControllerTest" tests="1" skipped="0" failures="0" errors="0" timestamp="2020-09-05T14:37:00" hostname="에리무" time="0.541">
  <properties/>
  <testcase name="메인페이지_로딩" classname="org.practice.springboot.web.IndexControllerTest" time="0.541"/>
  <system-out><![CDATA[2020-09-05 23:36:51.258  INFO 7984 --- [    Test worker] .b.t.c.SpringBootTestContextBootstrapper : Neither @ContextConfiguration nor @ContextHierarchy found for test class [org.practice.springboot.web.IndexControllerTest], using SpringBootContextLoader
2020-09-05 23:36:51.261  INFO 7984 --- [    Test worker] o.s.t.c.support.AbstractContextLoader    : Could not detect default resource locations for test class [org.practice.springboot.web.IndexControllerTest]: no resource found for suffixes {-context.xml, Context.groovy}.
2020-09-05 23:36:51.263  INFO 7984 --- [    Test worker] t.c.s.AnnotationConfigContextLoaderUtils : Could not detect default configuration classes for test class [org.practice.springboot.web.IndexControllerTest]: IndexControllerTest does not declare any static, non-private, non-final, nested classes annotated with @Configuration.
2020-09-05 23:36:51.269  INFO 7984 --- [    Test worker] .b.t.c.SpringBootTestContextBootstrapper : Found @SpringBootConfiguration org.practice.springboot.Application for test class org.practice.springboot.web.IndexControllerTest
2020-09-05 23:36:51.273  INFO 7984 --- [    Test worker] .b.t.c.SpringBootTestContextBootstrapper : Loaded default TestExecutionListener class names from location [META-INF/spring.factories]: [org.springframework.security.test.context.support.WithSecurityContextTestExecutionListener, org.springframework.security.test.context.support.ReactorContextTestExecutionListener, org.springframework.boot.test.autoconfigure.restdocs.RestDocsTestExecutionListener, org.springframework.boot.test.autoconfigure.web.client.MockRestServiceServerResetTestExecutionListener, org.springframework.boot.test.autoconfigure.web.servlet.MockMvcPrintOnlyOnFailureTestExecutionListener, org.springframework.boot.test.autoconfigure.web.servlet.WebDriverTestExecutionListener, org.springframework.boot.test.mock.mockito.MockitoTestExecutionListener, org.springframework.boot.test.mock.mockito.ResetMocksTestExecutionListener, org.springframework.test.context.web.ServletTestExecutionListener, org.springframework.test.context.support.DirtiesContextBeforeModesTestExecutionListener, org.springframework.test.context.support.DependencyInjectionTestExecutionListener, org.springframework.test.context.support.DirtiesContextTestExecutionListener, org.springframework.test.context.transaction.TransactionalTestExecutionListener, org.springframework.test.context.jdbc.SqlScriptsTestExecutionListener]
2020-09-05 23:36:51.276  INFO 7984 --- [    Test worker] .b.t.c.SpringBootTestContextBootstrapper : Using TestExecutionListeners: [org.springframework.test.context.web.ServletTestExecutionListener@1c174e45, org.springframework.test.context.support.DirtiesContextBeforeModesTestExecutionListener@27dbb475, org.springframework.boot.test.mock.mockito.MockitoTestExecutionListener@19a0cc42, org.springframework.boot.test.autoconfigure.SpringBootDependencyInjectionTestExecutionListener@6e8ebda8, org.springframework.test.context.support.DirtiesContextTestExecutionListener@484da35a, org.springframework.test.context.transaction.TransactionalTestExecutionListener@32cfce3a, org.springframework.test.context.jdbc.SqlScriptsTestExecutionListener@2d12c6fd, org.springframework.security.test.context.support.WithSecurityContextTestExecutionListener@36ea4d0a, org.springframework.security.test.context.support.ReactorContextTestExecutionListener@13986ffe, org.springframework.boot.test.autoconfigure.restdocs.RestDocsTestExecutionListener@5feacda9, org.springframework.boot.test.autoconfigure.web.client.MockRestServiceServerResetTestExecutionListener@64f4dd87, org.springframework.boot.test.autoconfigure.web.servlet.MockMvcPrintOnlyOnFailureTestExecutionListener@125e0e, org.springframework.boot.test.autoconfigure.web.servlet.WebDriverTestExecutionListener@5025366d, org.springframework.boot.test.mock.mockito.ResetMocksTestExecutionListener@592b3e45]

  .   ____          _            __ _ _
 /\\ / ___'_ __ _ _(_)_ __  __ _ \ \ \ \
( ( )\___ | '_ | '_| | '_ \/ _` | \ \ \ \
 \\/  ___)| |_)| | | | | || (_| |  ) ) ) )
  '  |____| .__|_| |_|_| |_\__, | / / / /
 =========|_|==============|___/=/_/_/_/
 :: Spring Boot ::        (v2.1.7.RELEASE)

2020-09-05 23:36:51.403  INFO 7984 --- [    Test worker] o.p.springboot.web.IndexControllerTest   : Starting IndexControllerTest on 에리무 with PID 7984 (started by bpuuq in C:\Users\bpuuq\IdeaProjects\springboot-webservice)
2020-09-05 23:36:51.404  INFO 7984 --- [    Test worker] o.p.springboot.web.IndexControllerTest   : No active profile set, falling back to default profiles: default
2020-09-05 23:36:52.279  INFO 7984 --- [    Test worker] .s.d.r.c.RepositoryConfigurationDelegate : Bootstrapping Spring Data repositories in DEFAULT mode.
2020-09-05 23:36:52.396  INFO 7984 --- [    Test worker] .s.d.r.c.RepositoryConfigurationDelegate : Finished Spring Data repository scanning in 117ms. Found 2 repository interfaces.
2020-09-05 23:36:52.877  INFO 7984 --- [    Test worker] trationDelegate$BeanPostProcessorChecker : Bean 'org.springframework.transaction.annotation.ProxyTransactionManagementConfiguration' of type [org.springframework.transaction.annotation.ProxyTransactionManagementConfiguration$$EnhancerBySpringCGLIB$$a0986ff0] is not eligible for getting processed by all BeanPostProcessors (for example: not eligible for auto-proxying)
2020-09-05 23:36:53.610  INFO 7984 --- [    Test worker] o.s.b.w.embedded.tomcat.TomcatWebServer  : Tomcat initialized with port(s): 0 (http)
2020-09-05 23:36:53.721  INFO 7984 --- [    Test worker] o.apache.catalina.core.StandardService   : Starting service [Tomcat]
2020-09-05 23:36:53.722  INFO 7984 --- [    Test worker] org.apache.catalina.core.StandardEngine  : Starting Servlet engine: [Apache Tomcat/9.0.22]
2020-09-05 23:36:54.147  INFO 7984 --- [    Test worker] o.a.c.c.C.[Tomcat].[localhost].[/]       : Initializing Spring embedded WebApplicationContext
2020-09-05 23:36:54.149  INFO 7984 --- [    Test worker] o.s.web.context.ContextLoader            : Root WebApplicationContext: initialization completed in 2736 ms
2020-09-05 23:36:54.850  INFO 7984 --- [    Test worker] com.zaxxer.hikari.HikariDataSource       : HikariPool-2 - Starting...
2020-09-05 23:36:54.853  INFO 7984 --- [    Test worker] com.zaxxer.hikari.HikariDataSource       : HikariPool-2 - Start completed.
2020-09-05 23:36:54.996  INFO 7984 --- [    Test worker] o.hibernate.jpa.internal.util.LogHelper  : HHH000204: Processing PersistenceUnitInfo [
	name: default
	...]
2020-09-05 23:36:55.037  INFO 7984 --- [    Test worker] org.hibernate.dialect.Dialect            : HHH000400: Using dialect: org.hibernate.dialect.MySQL5Dialect
Hibernate: drop table if exists posts
Hibernate: drop table if exists user
Hibernate: create table posts (id bigint not null auto_increment, created_date datetime, modified_date datetime, author varchar(255), content TEXT not null, title varchar(500) not null, primary key (id)) engine=MyISAM
Hibernate: create table user (id bigint not null auto_increment, created_date datetime, modified_date datetime, email varchar(255) not null, name varchar(255) not null, picture varchar(255), role varchar(255) not null, primary key (id)) engine=MyISAM
2020-09-05 23:36:55.317  INFO 7984 --- [    Test worker] o.h.t.schema.internal.SchemaCreatorImpl  : HHH000476: Executing import script 'org.hibernate.tool.schema.internal.exec.ScriptSourceInputNonExistentImpl@41d12313'
2020-09-05 23:36:55.319  INFO 7984 --- [    Test worker] j.LocalContainerEntityManagerFactoryBean : Initialized JPA EntityManagerFactory for persistence unit 'default'
2020-09-05 23:36:56.662  INFO 7984 --- [    Test worker] o.h.h.i.QueryTranslatorFactoryInitiator  : HHH000397: Using ASTQueryTranslatorFactory
2020-09-05 23:36:57.474  INFO 7984 --- [    Test worker] o.s.s.web.DefaultSecurityFilterChain     : Creating filter chain: any request, [org.springframework.security.web.context.request.async.WebAsyncManagerIntegrationFilter@14ab1284, org.springframework.security.web.context.SecurityContextPersistenceFilter@22c7928c, org.springframework.security.web.header.HeaderWriterFilter@1370e6b5, org.springframework.security.web.authentication.logout.LogoutFilter@6ce0dec2, org.springframework.security.oauth2.client.web.OAuth2AuthorizationRequestRedirectFilter@16deb508, org.springframework.security.oauth2.client.web.OAuth2LoginAuthenticationFilter@660a9f1a, org.springframework.security.web.authentication.ui.DefaultLoginPageGeneratingFilter@722d61f9, org.springframework.security.web.authentication.ui.DefaultLogoutPageGeneratingFilter@3a034fd9, org.springframework.security.web.savedrequest.RequestCacheAwareFilter@44868c87, org.springframework.security.web.servletapi.SecurityContextHolderAwareRequestFilter@50d78fec, org.springframework.security.web.authentication.AnonymousAuthenticationFilter@5916db64, org.springframework.security.web.session.SessionManagementFilter@4b7d24b3, org.springframework.security.web.access.ExceptionTranslationFilter@24485dfe, org.springframework.security.web.access.intercept.FilterSecurityInterceptor@788ad191]
2020-09-05 23:36:58.273  INFO 7984 --- [    Test worker] o.s.s.concurrent.ThreadPoolTaskExecutor  : Initializing ExecutorService 'applicationTaskExecutor'
2020-09-05 23:36:58.334  WARN 7984 --- [    Test worker] aWebConfiguration$JpaWebMvcConfiguration : spring.jpa.open-in-view is enabled by default. Therefore, database queries may be performed during view rendering. Explicitly configure spring.jpa.open-in-view to disable this warning
2020-09-05 23:36:58.420  INFO 7984 --- [    Test worker] o.s.b.a.w.s.WelcomePageHandlerMapping    : Adding welcome page template: index
2020-09-05 23:37:00.074  INFO 7984 --- [    Test worker] s.a.ScheduledAnnotationBeanPostProcessor : No TaskScheduler/ScheduledExecutorService bean found for scheduled processing
2020-09-05 23:37:00.172  INFO 7984 --- [    Test worker] o.s.b.w.embedded.tomcat.TomcatWebServer  : Tomcat started on port(s): 58314 (http) with context path ''
2020-09-05 23:37:00.176  INFO 7984 --- [    Test worker] o.p.springboot.web.IndexControllerTest   : Started IndexControllerTest in 8.894 seconds (JVM running for 49.745)
2020-09-05 23:37:00.473  INFO 7984 --- [o-auto-1-exec-1] o.a.c.c.C.[Tomcat].[localhost].[/]       : Initializing Spring DispatcherServlet 'dispatcherServlet'
2020-09-05 23:37:00.473  INFO 7984 --- [o-auto-1-exec-1] o.s.web.servlet.DispatcherServlet        : Initializing Servlet 'dispatcherServlet'
2020-09-05 23:37:00.534  INFO 7984 --- [o-auto-1-exec-1] o.s.web.servlet.DispatcherServlet        : Completed initialization in 60 ms
Hibernate: select posts0_.id as id1_0_, posts0_.created_date as created_2_0_, posts0_.modified_date as modified3_0_, posts0_.author as author4_0_, posts0_.content as content5_0_, posts0_.title as title6_0_ from posts posts0_ order by posts0_.id DESC
]]></system-out>
  <system-err><![CDATA[]]></system-err>
</testsuite>
