<?xml version="1.0" encoding="UTF-8"?>
<testsuite name="org.practice.springboot.dto.HelloResponseDtoTest" tests="1" skipped="0" failures="0" errors="0" timestamp="2020-09-05T14:36:46" hostname="에리무" time="0.009">
  <properties/>
  <testcase name="롬복_기능_테스트" classname="org.practice.springboot.dto.HelloResponseDtoTest" time="0.009"/>
  <system-out><![CDATA[]]></system-out>
  <system-err><![CDATA[]]></system-err>
</testsuite>
