<?xml version="1.0" encoding="UTF-8"?>
<testsuite name="org.practice.springboot.web.PostsApiControllerTest" tests="2" skipped="0" failures="0" errors="0" timestamp="2020-09-15T06:50:44" hostname="에리무" time="0.224">
  <properties/>
  <testcase name="Posts_등록된다" classname="org.practice.springboot.web.PostsApiControllerTest" time="0.152"/>
  <testcase name="Posts_수정된다" classname="org.practice.springboot.web.PostsApiControllerTest" time="0.069"/>
  <system-out><![CDATA[2020-09-15 15:50:44.698  INFO 22288 --- [    Test worker] .b.t.c.SpringBootTestContextBootstrapper : Neither @ContextConfiguration nor @ContextHierarchy found for test class [org.practice.springboot.web.PostsApiControllerTest], using SpringBootContextLoader
2020-09-15 15:50:44.702  INFO 22288 --- [    Test worker] o.s.t.c.support.AbstractContextLoader    : Could not detect default resource locations for test class [org.practice.springboot.web.PostsApiControllerTest]: no resource found for suffixes {-context.xml, Context.groovy}.
2020-09-15 15:50:44.702  INFO 22288 --- [    Test worker] t.c.s.AnnotationConfigContextLoaderUtils : Could not detect default configuration classes for test class [org.practice.springboot.web.PostsApiControllerTest]: PostsApiControllerTest does not declare any static, non-private, non-final, nested classes annotated with @Configuration.
2020-09-15 15:50:44.706  INFO 22288 --- [    Test worker] .b.t.c.SpringBootTestContextBootstrapper : Found @SpringBootConfiguration org.practice.springboot.Application for test class org.practice.springboot.web.PostsApiControllerTest
2020-09-15 15:50:44.709  INFO 22288 --- [    Test worker] .b.t.c.SpringBootTestContextBootstrapper : Loaded default TestExecutionListener class names from location [META-INF/spring.factories]: [org.springframework.security.test.context.support.WithSecurityContextTestExecutionListener, org.springframework.security.test.context.support.ReactorContextTestExecutionListener, org.springframework.boot.test.autoconfigure.restdocs.RestDocsTestExecutionListener, org.springframework.boot.test.autoconfigure.web.client.MockRestServiceServerResetTestExecutionListener, org.springframework.boot.test.autoconfigure.web.servlet.MockMvcPrintOnlyOnFailureTestExecutionListener, org.springframework.boot.test.autoconfigure.web.servlet.WebDriverTestExecutionListener, org.springframework.boot.test.mock.mockito.MockitoTestExecutionListener, org.springframework.boot.test.mock.mockito.ResetMocksTestExecutionListener, org.springframework.test.context.web.ServletTestExecutionListener, org.springframework.test.context.support.DirtiesContextBeforeModesTestExecutionListener, org.springframework.test.context.support.DependencyInjectionTestExecutionListener, org.springframework.test.context.support.DirtiesContextTestExecutionListener, org.springframework.test.context.transaction.TransactionalTestExecutionListener, org.springframework.test.context.jdbc.SqlScriptsTestExecutionListener]
2020-09-15 15:50:44.711  INFO 22288 --- [    Test worker] .b.t.c.SpringBootTestContextBootstrapper : Using TestExecutionListeners: [org.springframework.test.context.web.ServletTestExecutionListener@3b6463f, org.springframework.test.context.support.DirtiesContextBeforeModesTestExecutionListener@6b128a50, org.springframework.boot.test.mock.mockito.MockitoTestExecutionListener@72c04ff2, org.springframework.boot.test.autoconfigure.SpringBootDependencyInjectionTestExecutionListener@605b80c3, org.springframework.test.context.support.DirtiesContextTestExecutionListener@51edb549, org.springframework.test.context.transaction.TransactionalTestExecutionListener@2e52f52e, org.springframework.test.context.jdbc.SqlScriptsTestExecutionListener@5e9d80c9, org.springframework.security.test.context.support.WithSecurityContextTestExecutionListener@627c5e41, org.springframework.security.test.context.support.ReactorContextTestExecutionListener@5e07e8ba, org.springframework.boot.test.autoconfigure.restdocs.RestDocsTestExecutionListener@67c59dd1, org.springframework.boot.test.autoconfigure.web.client.MockRestServiceServerResetTestExecutionListener@556cc228, org.springframework.boot.test.autoconfigure.web.servlet.MockMvcPrintOnlyOnFailureTestExecutionListener@55621092, org.springframework.boot.test.autoconfigure.web.servlet.WebDriverTestExecutionListener@344170bc, org.springframework.boot.test.mock.mockito.ResetMocksTestExecutionListener@7f2158f0]
2020-09-15 15:50:44.733  INFO 22288 --- [    Test worker] o.a.c.c.C.[Tomcat].[localhost].[/]       : Initializing Spring TestDispatcherServlet ''
2020-09-15 15:50:44.733  INFO 22288 --- [    Test worker] o.s.t.web.servlet.TestDispatcherServlet  : Initializing Servlet ''
2020-09-15 15:50:44.737  INFO 22288 --- [    Test worker] o.s.t.web.servlet.TestDispatcherServlet  : Completed initialization in 4 ms
Hibernate: insert into posts (created_date, modified_date, author, content, title) values (?, ?, ?, ?, ?)
Hibernate: select posts0_.id as id1_0_, posts0_.created_date as created_2_0_, posts0_.modified_date as modified3_0_, posts0_.author as author4_0_, posts0_.content as content5_0_, posts0_.title as title6_0_ from posts posts0_
Hibernate: select posts0_.id as id1_0_, posts0_.created_date as created_2_0_, posts0_.modified_date as modified3_0_, posts0_.author as author4_0_, posts0_.content as content5_0_, posts0_.title as title6_0_ from posts posts0_
Hibernate: delete from posts where id=?
2020-09-15 15:50:44.879  INFO 22288 --- [    Test worker] o.a.c.c.C.[Tomcat].[localhost].[/]       : Initializing Spring TestDispatcherServlet ''
2020-09-15 15:50:44.880  INFO 22288 --- [    Test worker] o.s.t.web.servlet.TestDispatcherServlet  : Initializing Servlet ''
2020-09-15 15:50:44.885  INFO 22288 --- [    Test worker] o.s.t.web.servlet.TestDispatcherServlet  : Completed initialization in 4 ms
Hibernate: insert into posts (created_date, modified_date, author, content, title) values (?, ?, ?, ?, ?)
Hibernate: select posts0_.id as id1_0_0_, posts0_.created_date as created_2_0_0_, posts0_.modified_date as modified3_0_0_, posts0_.author as author4_0_0_, posts0_.content as content5_0_0_, posts0_.title as title6_0_0_ from posts posts0_ where posts0_.id=?
Hibernate: update posts set created_date=?, modified_date=?, author=?, content=?, title=? where id=?
Hibernate: select posts0_.id as id1_0_, posts0_.created_date as created_2_0_, posts0_.modified_date as modified3_0_, posts0_.author as author4_0_, posts0_.content as content5_0_, posts0_.title as title6_0_ from posts posts0_
Hibernate: select posts0_.id as id1_0_, posts0_.created_date as created_2_0_, posts0_.modified_date as modified3_0_, posts0_.author as author4_0_, posts0_.content as content5_0_, posts0_.title as title6_0_ from posts posts0_
Hibernate: delete from posts where id=?
]]></system-out>
  <system-err><![CDATA[]]></system-err>
</testsuite>
