<?xml version="1.0" encoding="UTF-8"?>
<testsuite name="org.practice.springboot.web.IndexControllerTest" tests="1" skipped="0" failures="0" errors="0" timestamp="2020-09-14T09:35:14" hostname="에리무" time="0.507">
  <properties/>
  <testcase name="메인페이지_로딩" classname="org.practice.springboot.web.IndexControllerTest" time="0.507"/>
  <system-out><![CDATA[2020-09-14 18:35:08.200  INFO 19904 --- [    Test worker] .b.t.c.SpringBootTestContextBootstrapper : Neither @ContextConfiguration nor @ContextHierarchy found for test class [org.practice.springboot.web.IndexControllerTest], using SpringBootContextLoader
2020-09-14 18:35:08.203  INFO 19904 --- [    Test worker] o.s.t.c.support.AbstractContextLoader    : Could not detect default resource locations for test class [org.practice.springboot.web.IndexControllerTest]: no resource found for suffixes {-context.xml, Context.groovy}.
2020-09-14 18:35:08.204  INFO 19904 --- [    Test worker] t.c.s.AnnotationConfigContextLoaderUtils : Could not detect default configuration classes for test class [org.practice.springboot.web.IndexControllerTest]: IndexControllerTest does not declare any static, non-private, non-final, nested classes annotated with @Configuration.
2020-09-14 18:35:08.211  INFO 19904 --- [    Test worker] .b.t.c.SpringBootTestContextBootstrapper : Found @SpringBootConfiguration org.practice.springboot.Application for test class org.practice.springboot.web.IndexControllerTest
2020-09-14 18:35:08.214  INFO 19904 --- [    Test worker] .b.t.c.SpringBootTestContextBootstrapper : Loaded default TestExecutionListener class names from location [META-INF/spring.factories]: [org.springframework.security.test.context.support.WithSecurityContextTestExecutionListener, org.springframework.security.test.context.support.ReactorContextTestExecutionListener, org.springframework.boot.test.autoconfigure.restdocs.RestDocsTestExecutionListener, org.springframework.boot.test.autoconfigure.web.client.MockRestServiceServerResetTestExecutionListener, org.springframework.boot.test.autoconfigure.web.servlet.MockMvcPrintOnlyOnFailureTestExecutionListener, org.springframework.boot.test.autoconfigure.web.servlet.WebDriverTestExecutionListener, org.springframework.boot.test.mock.mockito.MockitoTestExecutionListener, org.springframework.boot.test.mock.mockito.ResetMocksTestExecutionListener, org.springframework.test.context.web.ServletTestExecutionListener, org.springframework.test.context.support.DirtiesContextBeforeModesTestExecutionListener, org.springframework.test.context.support.DependencyInjectionTestExecutionListener, org.springframework.test.context.support.DirtiesContextTestExecutionListener, org.springframework.test.context.transaction.TransactionalTestExecutionListener, org.springframework.test.context.jdbc.SqlScriptsTestExecutionListener]
2020-09-14 18:35:08.219  INFO 19904 --- [    Test worker] .b.t.c.SpringBootTestContextBootstrapper : Using TestExecutionListeners: [org.springframework.test.context.web.ServletTestExecutionListener@65a0acad, org.springframework.test.context.support.DirtiesContextBeforeModesTestExecutionListener@f61d0bd, org.springframework.boot.test.mock.mockito.MockitoTestExecutionListener@3a46d5a4, org.springframework.boot.test.autoconfigure.SpringBootDependencyInjectionTestExecutionListener@5053896b, org.springframework.test.context.support.DirtiesContextTestExecutionListener@30f69208, org.springframework.test.context.transaction.TransactionalTestExecutionListener@31935893, org.springframework.test.context.jdbc.SqlScriptsTestExecutionListener@3df440f0, org.springframework.security.test.context.support.WithSecurityContextTestExecutionListener@71a09ef4, org.springframework.security.test.context.support.ReactorContextTestExecutionListener@75c2341a, org.springframework.boot.test.autoconfigure.restdocs.RestDocsTestExecutionListener@5e3ebdf1, org.springframework.boot.test.autoconfigure.web.client.MockRestServiceServerResetTestExecutionListener@41d28506, org.springframework.boot.test.autoconfigure.web.servlet.MockMvcPrintOnlyOnFailureTestExecutionListener@3470e4f6, org.springframework.boot.test.autoconfigure.web.servlet.WebDriverTestExecutionListener@50f67486, org.springframework.boot.test.mock.mockito.ResetMocksTestExecutionListener@7b8c9a5c]

  .   ____          _            __ _ _
 /\\ / ___'_ __ _ _(_)_ __  __ _ \ \ \ \
( ( )\___ | '_ | '_| | '_ \/ _` | \ \ \ \
 \\/  ___)| |_)| | | | | || (_| |  ) ) ) )
  '  |____| .__|_| |_|_| |_\__, | / / / /
 =========|_|==============|___/=/_/_/_/
 :: Spring Boot ::        (v2.1.7.RELEASE)

2020-09-14 18:35:08.343  INFO 19904 --- [    Test worker] o.p.springboot.web.IndexControllerTest   : Starting IndexControllerTest on 에리무 with PID 19904 (started by bpuuq in C:\Users\bpuuq\IdeaProjects\springboot-webservice)
2020-09-14 18:35:08.350  INFO 19904 --- [    Test worker] o.p.springboot.web.IndexControllerTest   : No active profile set, falling back to default profiles: default
2020-09-14 18:35:08.919  INFO 19904 --- [    Test worker] .s.d.r.c.RepositoryConfigurationDelegate : Bootstrapping Spring Data repositories in DEFAULT mode.
2020-09-14 18:35:08.992  INFO 19904 --- [    Test worker] .s.d.r.c.RepositoryConfigurationDelegate : Finished Spring Data repository scanning in 72ms. Found 2 repository interfaces.
2020-09-14 18:35:09.256  INFO 19904 --- [    Test worker] trationDelegate$BeanPostProcessorChecker : Bean 'org.springframework.transaction.annotation.ProxyTransactionManagementConfiguration' of type [org.springframework.transaction.annotation.ProxyTransactionManagementConfiguration$$EnhancerBySpringCGLIB$$c87f4cd5] is not eligible for getting processed by all BeanPostProcessors (for example: not eligible for auto-proxying)
2020-09-14 18:35:09.948  INFO 19904 --- [    Test worker] o.s.b.w.embedded.tomcat.TomcatWebServer  : Tomcat initialized with port(s): 0 (http)
2020-09-14 18:35:10.026  INFO 19904 --- [    Test worker] o.apache.catalina.core.StandardService   : Starting service [Tomcat]
2020-09-14 18:35:10.028  INFO 19904 --- [    Test worker] org.apache.catalina.core.StandardEngine  : Starting Servlet engine: [Apache Tomcat/9.0.22]
2020-09-14 18:35:10.467  INFO 19904 --- [    Test worker] o.a.c.c.C.[Tomcat].[localhost].[/]       : Initializing Spring embedded WebApplicationContext
2020-09-14 18:35:10.468  INFO 19904 --- [    Test worker] o.s.web.context.ContextLoader            : Root WebApplicationContext: initialization completed in 2110 ms
2020-09-14 18:35:11.041  INFO 19904 --- [    Test worker] com.zaxxer.hikari.HikariDataSource       : HikariPool-2 - Starting...
2020-09-14 18:35:11.044  INFO 19904 --- [    Test worker] com.zaxxer.hikari.HikariDataSource       : HikariPool-2 - Start completed.
2020-09-14 18:35:11.208  INFO 19904 --- [    Test worker] o.hibernate.jpa.internal.util.LogHelper  : HHH000204: Processing PersistenceUnitInfo [
	name: default
	...]
2020-09-14 18:35:11.240  INFO 19904 --- [    Test worker] org.hibernate.dialect.Dialect            : HHH000400: Using dialect: org.hibernate.dialect.MySQL5InnoDBDialect
Hibernate: drop table if exists posts
Hibernate: drop table if exists user
Hibernate: create table posts (id bigint not null auto_increment, created_date datetime, modified_date datetime, author varchar(255), content TEXT not null, title varchar(500) not null, primary key (id)) engine=InnoDB
Hibernate: create table user (id bigint not null auto_increment, created_date datetime, modified_date datetime, email varchar(255) not null, name varchar(255) not null, picture varchar(255), role varchar(255) not null, primary key (id)) engine=InnoDB
2020-09-14 18:35:11.424  INFO 19904 --- [    Test worker] o.h.t.schema.internal.SchemaCreatorImpl  : HHH000476: Executing import script 'org.hibernate.tool.schema.internal.exec.ScriptSourceInputNonExistentImpl@3cefafb7'
2020-09-14 18:35:11.425  INFO 19904 --- [    Test worker] j.LocalContainerEntityManagerFactoryBean : Initialized JPA EntityManagerFactory for persistence unit 'default'
2020-09-14 18:35:12.259  INFO 19904 --- [    Test worker] o.h.h.i.QueryTranslatorFactoryInitiator  : HHH000397: Using ASTQueryTranslatorFactory
2020-09-14 18:35:12.714  INFO 19904 --- [    Test worker] o.s.s.web.DefaultSecurityFilterChain     : Creating filter chain: any request, [org.springframework.security.web.context.request.async.WebAsyncManagerIntegrationFilter@66959723, org.springframework.security.web.context.SecurityContextPersistenceFilter@611af114, org.springframework.security.web.header.HeaderWriterFilter@47b006b6, org.springframework.security.web.authentication.logout.LogoutFilter@301f3379, org.springframework.security.oauth2.client.web.OAuth2AuthorizationRequestRedirectFilter@3f835f3e, org.springframework.security.oauth2.client.web.OAuth2LoginAuthenticationFilter@7835e59c, org.springframework.security.web.authentication.ui.DefaultLoginPageGeneratingFilter@63bf0fb, org.springframework.security.web.authentication.ui.DefaultLogoutPageGeneratingFilter@6b146063, org.springframework.security.web.savedrequest.RequestCacheAwareFilter@1611bb4c, org.springframework.security.web.servletapi.SecurityContextHolderAwareRequestFilter@51538a8e, org.springframework.security.web.authentication.AnonymousAuthenticationFilter@4ecbb890, org.springframework.security.web.session.SessionManagementFilter@4943df80, org.springframework.security.web.access.ExceptionTranslationFilter@6ee3241, org.springframework.security.web.access.intercept.FilterSecurityInterceptor@17735fe5]
2020-09-14 18:35:13.264  INFO 19904 --- [    Test worker] o.s.s.concurrent.ThreadPoolTaskExecutor  : Initializing ExecutorService 'applicationTaskExecutor'
2020-09-14 18:35:13.293  WARN 19904 --- [    Test worker] aWebConfiguration$JpaWebMvcConfiguration : spring.jpa.open-in-view is enabled by default. Therefore, database queries may be performed during view rendering. Explicitly configure spring.jpa.open-in-view to disable this warning
2020-09-14 18:35:13.366  INFO 19904 --- [    Test worker] o.s.b.a.w.s.WelcomePageHandlerMapping    : Adding welcome page template: index
2020-09-14 18:35:14.303  INFO 19904 --- [    Test worker] s.a.ScheduledAnnotationBeanPostProcessor : No TaskScheduler/ScheduledExecutorService bean found for scheduled processing
2020-09-14 18:35:14.353  INFO 19904 --- [    Test worker] o.s.b.w.embedded.tomcat.TomcatWebServer  : Tomcat started on port(s): 57355 (http) with context path ''
2020-09-14 18:35:14.354  INFO 19904 --- [    Test worker] o.p.springboot.web.IndexControllerTest   : Started IndexControllerTest in 6.127 seconds (JVM running for 29.562)
2020-09-14 18:35:14.650  INFO 19904 --- [o-auto-1-exec-1] o.a.c.c.C.[Tomcat].[localhost].[/]       : Initializing Spring DispatcherServlet 'dispatcherServlet'
2020-09-14 18:35:14.650  INFO 19904 --- [o-auto-1-exec-1] o.s.web.servlet.DispatcherServlet        : Initializing Servlet 'dispatcherServlet'
2020-09-14 18:35:14.710  INFO 19904 --- [o-auto-1-exec-1] o.s.web.servlet.DispatcherServlet        : Completed initialization in 60 ms
Hibernate: select posts0_.id as id1_0_, posts0_.created_date as created_2_0_, posts0_.modified_date as modified3_0_, posts0_.author as author4_0_, posts0_.content as content5_0_, posts0_.title as title6_0_ from posts posts0_ order by posts0_.id DESC
]]></system-out>
  <system-err><![CDATA[]]></system-err>
</testsuite>
