<?xml version="1.0" encoding="UTF-8"?>
<testsuite name="org.practice.springboot.web.HelloControllerTest" tests="2" skipped="0" failures="0" errors="0" timestamp="2020-09-07T17:20:10" hostname="에리무" time="0.305">
  <properties/>
  <testcase name="hello가_리턴된다" classname="org.practice.springboot.web.HelloControllerTest" time="0.134"/>
  <testcase name="helloDto가_리턴된다" classname="org.practice.springboot.web.HelloControllerTest" time="0.17"/>
  <system-out><![CDATA[2020-09-08 02:20:07.056  INFO 14696 --- [    Test worker] .b.t.a.w.s.WebMvcTestContextBootstrapper : Neither @ContextConfiguration nor @ContextHierarchy found for test class [org.practice.springboot.web.HelloControllerTest], using SpringBootContextLoader
2020-09-08 02:20:07.058  INFO 14696 --- [    Test worker] o.s.t.c.support.AbstractContextLoader    : Could not detect default resource locations for test class [org.practice.springboot.web.HelloControllerTest]: no resource found for suffixes {-context.xml, Context.groovy}.
2020-09-08 02:20:07.058  INFO 14696 --- [    Test worker] t.c.s.AnnotationConfigContextLoaderUtils : Could not detect default configuration classes for test class [org.practice.springboot.web.HelloControllerTest]: HelloControllerTest does not declare any static, non-private, non-final, nested classes annotated with @Configuration.
2020-09-08 02:20:07.170  INFO 14696 --- [    Test worker] .b.t.c.SpringBootTestContextBootstrapper : Found @SpringBootConfiguration org.practice.springboot.Application for test class org.practice.springboot.web.HelloControllerTest
2020-09-08 02:20:07.172  INFO 14696 --- [    Test worker] .b.t.a.w.s.WebMvcTestContextBootstrapper : Loaded default TestExecutionListener class names from location [META-INF/spring.factories]: [org.springframework.security.test.context.support.WithSecurityContextTestExecutionListener, org.springframework.security.test.context.support.ReactorContextTestExecutionListener, org.springframework.boot.test.autoconfigure.restdocs.RestDocsTestExecutionListener, org.springframework.boot.test.autoconfigure.web.client.MockRestServiceServerResetTestExecutionListener, org.springframework.boot.test.autoconfigure.web.servlet.MockMvcPrintOnlyOnFailureTestExecutionListener, org.springframework.boot.test.autoconfigure.web.servlet.WebDriverTestExecutionListener, org.springframework.boot.test.mock.mockito.MockitoTestExecutionListener, org.springframework.boot.test.mock.mockito.ResetMocksTestExecutionListener, org.springframework.test.context.web.ServletTestExecutionListener, org.springframework.test.context.support.DirtiesContextBeforeModesTestExecutionListener, org.springframework.test.context.support.DependencyInjectionTestExecutionListener, org.springframework.test.context.support.DirtiesContextTestExecutionListener, org.springframework.test.context.transaction.TransactionalTestExecutionListener, org.springframework.test.context.jdbc.SqlScriptsTestExecutionListener]
2020-09-08 02:20:07.175  INFO 14696 --- [    Test worker] .b.t.a.w.s.WebMvcTestContextBootstrapper : Using TestExecutionListeners: [org.springframework.test.context.web.ServletTestExecutionListener@73a030e3, org.springframework.test.context.support.DirtiesContextBeforeModesTestExecutionListener@553d8dc1, org.springframework.boot.test.mock.mockito.MockitoTestExecutionListener@5e15b505, org.springframework.boot.test.autoconfigure.SpringBootDependencyInjectionTestExecutionListener@172348e0, org.springframework.test.context.support.DirtiesContextTestExecutionListener@657645cf, org.springframework.test.context.transaction.TransactionalTestExecutionListener@5c9c9f25, org.springframework.test.context.jdbc.SqlScriptsTestExecutionListener@2fd2a42e, org.springframework.security.test.context.support.WithSecurityContextTestExecutionListener@22bb8d7c, org.springframework.security.test.context.support.ReactorContextTestExecutionListener@7534ecd9, org.springframework.boot.test.autoconfigure.restdocs.RestDocsTestExecutionListener@4d6920ed, org.springframework.boot.test.autoconfigure.web.client.MockRestServiceServerResetTestExecutionListener@77201eba, org.springframework.boot.test.autoconfigure.web.servlet.MockMvcPrintOnlyOnFailureTestExecutionListener@90ead4f, org.springframework.boot.test.autoconfigure.web.servlet.WebDriverTestExecutionListener@5b0eca93, org.springframework.boot.test.mock.mockito.ResetMocksTestExecutionListener@5fe4f757]

  .   ____          _            __ _ _
 /\\ / ___'_ __ _ _(_)_ __  __ _ \ \ \ \
( ( )\___ | '_ | '_| | '_ \/ _` | \ \ \ \
 \\/  ___)| |_)| | | | | || (_| |  ) ) ) )
  '  |____| .__|_| |_|_| |_\__, | / / / /
 =========|_|==============|___/=/_/_/_/
 :: Spring Boot ::        (v2.1.7.RELEASE)

2020-09-08 02:20:07.455  INFO 14696 --- [    Test worker] o.p.springboot.web.HelloControllerTest   : Starting HelloControllerTest on 에리무 with PID 14696 (started by bpuuq in C:\Users\bpuuq\IdeaProjects\springboot-webservice)
2020-09-08 02:20:07.462  INFO 14696 --- [    Test worker] o.p.springboot.web.HelloControllerTest   : No active profile set, falling back to default profiles: default
2020-09-08 02:20:09.120  INFO 14696 --- [    Test worker] o.s.s.concurrent.ThreadPoolTaskExecutor  : Initializing ExecutorService 'applicationTaskExecutor'
2020-09-08 02:20:09.296  INFO 14696 --- [    Test worker] o.s.b.a.w.s.WelcomePageHandlerMapping    : Adding welcome page template: index
2020-09-08 02:20:09.934  INFO 14696 --- [    Test worker] .s.s.UserDetailsServiceAutoConfiguration : 

Using generated security password: 2121c710-2cb1-4cf8-a1e4-b05bbea621e8

2020-09-08 02:20:10.485  INFO 14696 --- [    Test worker] o.s.s.web.DefaultSecurityFilterChain     : Creating filter chain: any request, [org.springframework.security.web.context.request.async.WebAsyncManagerIntegrationFilter@3b8ec68f, org.springframework.security.web.context.SecurityContextPersistenceFilter@8ea84d0, org.springframework.security.web.header.HeaderWriterFilter@547eed6d, org.springframework.security.web.csrf.CsrfFilter@cab368d, org.springframework.security.web.authentication.logout.LogoutFilter@23ca46ec, org.springframework.security.web.authentication.UsernamePasswordAuthenticationFilter@67738b3d, org.springframework.security.web.authentication.ui.DefaultLoginPageGeneratingFilter@68931920, org.springframework.security.web.authentication.ui.DefaultLogoutPageGeneratingFilter@3300be0f, org.springframework.security.web.authentication.www.BasicAuthenticationFilter@61fffff, org.springframework.security.web.savedrequest.RequestCacheAwareFilter@6f84b6a1, org.springframework.security.web.servletapi.SecurityContextHolderAwareRequestFilter@4c323bb9, org.springframework.security.web.authentication.AnonymousAuthenticationFilter@4a195f97, org.springframework.security.web.session.SessionManagementFilter@134a631, org.springframework.security.web.access.ExceptionTranslationFilter@1fdf0ad6, org.springframework.security.web.access.intercept.FilterSecurityInterceptor@34cd9179]
2020-09-08 02:20:10.596  INFO 14696 --- [    Test worker] o.s.b.t.m.w.SpringBootMockServletContext : Initializing Spring TestDispatcherServlet ''
2020-09-08 02:20:10.597  INFO 14696 --- [    Test worker] o.s.t.web.servlet.TestDispatcherServlet  : Initializing Servlet ''
2020-09-08 02:20:10.635  INFO 14696 --- [    Test worker] o.s.t.web.servlet.TestDispatcherServlet  : Completed initialization in 38 ms
2020-09-08 02:20:10.707  INFO 14696 --- [    Test worker] o.p.springboot.web.HelloControllerTest   : Started HelloControllerTest in 3.478 seconds (JVM running for 27.145)
]]></system-out>
  <system-err><![CDATA[]]></system-err>
</testsuite>
