<?xml version="1.0" encoding="UTF-8"?>
<testsuite name="org.practice.springboot.web.HelloControllerTest" tests="2" skipped="0" failures="0" errors="0" timestamp="2020-09-14T06:01:49" hostname="에리무" time="0.397">
  <properties/>
  <testcase name="hello가_리턴된다" classname="org.practice.springboot.web.HelloControllerTest" time="0.158"/>
  <testcase name="helloDto가_리턴된다" classname="org.practice.springboot.web.HelloControllerTest" time="0.238"/>
  <system-out><![CDATA[2020-09-14 15:01:45.462  INFO 15708 --- [    Test worker] .b.t.a.w.s.WebMvcTestContextBootstrapper : Neither @ContextConfiguration nor @ContextHierarchy found for test class [org.practice.springboot.web.HelloControllerTest], using SpringBootContextLoader
2020-09-14 15:01:45.468  INFO 15708 --- [    Test worker] o.s.t.c.support.AbstractContextLoader    : Could not detect default resource locations for test class [org.practice.springboot.web.HelloControllerTest]: no resource found for suffixes {-context.xml, Context.groovy}.
2020-09-14 15:01:45.468  INFO 15708 --- [    Test worker] t.c.s.AnnotationConfigContextLoaderUtils : Could not detect default configuration classes for test class [org.practice.springboot.web.HelloControllerTest]: HelloControllerTest does not declare any static, non-private, non-final, nested classes annotated with @Configuration.
2020-09-14 15:01:45.541  INFO 15708 --- [    Test worker] .b.t.c.SpringBootTestContextBootstrapper : Found @SpringBootConfiguration org.practice.springboot.Application for test class org.practice.springboot.web.HelloControllerTest
2020-09-14 15:01:45.560  INFO 15708 --- [    Test worker] .b.t.a.w.s.WebMvcTestContextBootstrapper : Loaded default TestExecutionListener class names from location [META-INF/spring.factories]: [org.springframework.security.test.context.support.WithSecurityContextTestExecutionListener, org.springframework.security.test.context.support.ReactorContextTestExecutionListener, org.springframework.boot.test.autoconfigure.restdocs.RestDocsTestExecutionListener, org.springframework.boot.test.autoconfigure.web.client.MockRestServiceServerResetTestExecutionListener, org.springframework.boot.test.autoconfigure.web.servlet.MockMvcPrintOnlyOnFailureTestExecutionListener, org.springframework.boot.test.autoconfigure.web.servlet.WebDriverTestExecutionListener, org.springframework.boot.test.mock.mockito.MockitoTestExecutionListener, org.springframework.boot.test.mock.mockito.ResetMocksTestExecutionListener, org.springframework.test.context.web.ServletTestExecutionListener, org.springframework.test.context.support.DirtiesContextBeforeModesTestExecutionListener, org.springframework.test.context.support.DependencyInjectionTestExecutionListener, org.springframework.test.context.support.DirtiesContextTestExecutionListener, org.springframework.test.context.transaction.TransactionalTestExecutionListener, org.springframework.test.context.jdbc.SqlScriptsTestExecutionListener]
2020-09-14 15:01:45.596  INFO 15708 --- [    Test worker] .b.t.a.w.s.WebMvcTestContextBootstrapper : Using TestExecutionListeners: [org.springframework.test.context.web.ServletTestExecutionListener@13c78540, org.springframework.test.context.support.DirtiesContextBeforeModesTestExecutionListener@47f752ec, org.springframework.boot.test.mock.mockito.MockitoTestExecutionListener@20011fa, org.springframework.boot.test.autoconfigure.SpringBootDependencyInjectionTestExecutionListener@4d4d65, org.springframework.test.context.support.DirtiesContextTestExecutionListener@2f0f25a9, org.springframework.test.context.transaction.TransactionalTestExecutionListener@52126296, org.springframework.test.context.jdbc.SqlScriptsTestExecutionListener@501f36ef, org.springframework.security.test.context.support.WithSecurityContextTestExecutionListener@3a537fec, org.springframework.security.test.context.support.ReactorContextTestExecutionListener@6ca73762, org.springframework.boot.test.autoconfigure.restdocs.RestDocsTestExecutionListener@2de0feb2, org.springframework.boot.test.autoconfigure.web.client.MockRestServiceServerResetTestExecutionListener@4e10daf, org.springframework.boot.test.autoconfigure.web.servlet.MockMvcPrintOnlyOnFailureTestExecutionListener@25ecbec0, org.springframework.boot.test.autoconfigure.web.servlet.WebDriverTestExecutionListener@70259138, org.springframework.boot.test.mock.mockito.ResetMocksTestExecutionListener@5a9ae4e0]

  .   ____          _            __ _ _
 /\\ / ___'_ __ _ _(_)_ __  __ _ \ \ \ \
( ( )\___ | '_ | '_| | '_ \/ _` | \ \ \ \
 \\/  ___)| |_)| | | | | || (_| |  ) ) ) )
  '  |____| .__|_| |_|_| |_\__, | / / / /
 =========|_|==============|___/=/_/_/_/
 :: Spring Boot ::        (v2.1.7.RELEASE)

2020-09-14 15:01:45.712  INFO 15708 --- [    Test worker] o.p.springboot.web.HelloControllerTest   : Starting HelloControllerTest on 에리무 with PID 15708 (started by bpuuq in C:\Users\bpuuq\IdeaProjects\springboot-webservice)
2020-09-14 15:01:45.716  INFO 15708 --- [    Test worker] o.p.springboot.web.HelloControllerTest   : No active profile set, falling back to default profiles: default
2020-09-14 15:01:47.930  INFO 15708 --- [    Test worker] o.s.s.concurrent.ThreadPoolTaskExecutor  : Initializing ExecutorService 'applicationTaskExecutor'
2020-09-14 15:01:48.060  INFO 15708 --- [    Test worker] o.s.b.a.w.s.WelcomePageHandlerMapping    : Adding welcome page template: index
2020-09-14 15:01:48.786  INFO 15708 --- [    Test worker] .s.s.UserDetailsServiceAutoConfiguration : 

Using generated security password: 41faed42-d8bb-4f2a-b731-1fe40218787b

2020-09-14 15:01:49.202  INFO 15708 --- [    Test worker] o.s.s.web.DefaultSecurityFilterChain     : Creating filter chain: any request, [org.springframework.security.web.context.request.async.WebAsyncManagerIntegrationFilter@43b1e135, org.springframework.security.web.context.SecurityContextPersistenceFilter@9b3f310, org.springframework.security.web.header.HeaderWriterFilter@1599b96f, org.springframework.security.web.csrf.CsrfFilter@7ff84adb, org.springframework.security.web.authentication.logout.LogoutFilter@7a405428, org.springframework.security.web.authentication.UsernamePasswordAuthenticationFilter@4bab8d31, org.springframework.security.web.authentication.ui.DefaultLoginPageGeneratingFilter@6022c233, org.springframework.security.web.authentication.ui.DefaultLogoutPageGeneratingFilter@6dd4f2ff, org.springframework.security.web.authentication.www.BasicAuthenticationFilter@7c1d6a31, org.springframework.security.web.savedrequest.RequestCacheAwareFilter@44e2d336, org.springframework.security.web.servletapi.SecurityContextHolderAwareRequestFilter@1c685804, org.springframework.security.web.authentication.AnonymousAuthenticationFilter@7a0f4196, org.springframework.security.web.session.SessionManagementFilter@288a8795, org.springframework.security.web.access.ExceptionTranslationFilter@6335c53d, org.springframework.security.web.access.intercept.FilterSecurityInterceptor@6e1bef81]
2020-09-14 15:01:49.347  INFO 15708 --- [    Test worker] o.s.b.t.m.w.SpringBootMockServletContext : Initializing Spring TestDispatcherServlet ''
2020-09-14 15:01:49.348  INFO 15708 --- [    Test worker] o.s.t.web.servlet.TestDispatcherServlet  : Initializing Servlet ''
2020-09-14 15:01:49.382  INFO 15708 --- [    Test worker] o.s.t.web.servlet.TestDispatcherServlet  : Completed initialization in 34 ms
2020-09-14 15:01:49.465  INFO 15708 --- [    Test worker] o.p.springboot.web.HelloControllerTest   : Started HelloControllerTest in 3.858 seconds (JVM running for 35.365)
]]></system-out>
  <system-err><![CDATA[]]></system-err>
</testsuite>
