<?xml version="1.0" encoding="UTF-8"?>
<testsuite name="org.practice.springboot.domain.posts.PostsRepositoryTest" tests="2" skipped="0" failures="0" errors="0" timestamp="2021-05-13T11:47:44" hostname="LUCY" time="0.706">
  <properties/>
  <testcase name="게시글저장_불러오기()" classname="org.practice.springboot.domain.posts.PostsRepositoryTest" time="0.639"/>
  <testcase name="BaseTimeEntity_등록()" classname="org.practice.springboot.domain.posts.PostsRepositoryTest" time="0.064"/>
  <system-out><![CDATA[20:47:28.897 [Test worker] DEBUG org.springframework.test.context.BootstrapUtils - Instantiating CacheAwareContextLoaderDelegate from class [org.springframework.test.context.cache.DefaultCacheAwareContextLoaderDelegate]
20:47:28.927 [Test worker] DEBUG org.springframework.test.context.BootstrapUtils - Instantiating BootstrapContext using constructor [public org.springframework.test.context.support.DefaultBootstrapContext(java.lang.Class,org.springframework.test.context.CacheAwareContextLoaderDelegate)]
20:47:29.004 [Test worker] DEBUG org.springframework.test.context.BootstrapUtils - Instantiating TestContextBootstrapper for test class [org.practice.springboot.domain.posts.PostsRepositoryTest] from class [org.springframework.boot.test.context.SpringBootTestContextBootstrapper]
20:47:29.038 [Test worker] INFO org.springframework.boot.test.context.SpringBootTestContextBootstrapper - Neither @ContextConfiguration nor @ContextHierarchy found for test class [org.practice.springboot.domain.posts.PostsRepositoryTest], using SpringBootContextLoader
20:47:29.052 [Test worker] DEBUG org.springframework.test.context.support.AbstractContextLoader - Did not detect default resource location for test class [org.practice.springboot.domain.posts.PostsRepositoryTest]: class path resource [org/practice/springboot/domain/posts/PostsRepositoryTest-context.xml] does not exist
20:47:29.053 [Test worker] DEBUG org.springframework.test.context.support.AbstractContextLoader - Did not detect default resource location for test class [org.practice.springboot.domain.posts.PostsRepositoryTest]: class path resource [org/practice/springboot/domain/posts/PostsRepositoryTestContext.groovy] does not exist
20:47:29.054 [Test worker] INFO org.springframework.test.context.support.AbstractContextLoader - Could not detect default resource locations for test class [org.practice.springboot.domain.posts.PostsRepositoryTest]: no resource found for suffixes {-context.xml, Context.groovy}.
20:47:29.056 [Test worker] INFO org.springframework.test.context.support.AnnotationConfigContextLoaderUtils - Could not detect default configuration classes for test class [org.practice.springboot.domain.posts.PostsRepositoryTest]: PostsRepositoryTest does not declare any static, non-private, non-final, nested classes annotated with @Configuration.
20:47:29.177 [Test worker] DEBUG org.springframework.test.context.support.ActiveProfilesUtils - Could not find an 'annotation declaring class' for annotation type [org.springframework.test.context.ActiveProfiles] and class [org.practice.springboot.domain.posts.PostsRepositoryTest]
20:47:29.412 [Test worker] DEBUG org.springframework.context.annotation.ClassPathScanningCandidateComponentProvider - Identified candidate component class: file [C:\Users\bpuuq\IdeaProjects\springboot-webservice\build\classes\java\main\org\practice\springboot\Application.class]
20:47:29.415 [Test worker] INFO org.springframework.boot.test.context.SpringBootTestContextBootstrapper - Found @SpringBootConfiguration org.practice.springboot.Application for test class org.practice.springboot.domain.posts.PostsRepositoryTest
20:47:29.699 [Test worker] DEBUG org.springframework.boot.test.context.SpringBootTestContextBootstrapper - @TestExecutionListeners is not present for class [org.practice.springboot.domain.posts.PostsRepositoryTest]: using defaults.
20:47:29.700 [Test worker] INFO org.springframework.boot.test.context.SpringBootTestContextBootstrapper - Loaded default TestExecutionListener class names from location [META-INF/spring.factories]: [org.springframework.security.test.context.support.WithSecurityContextTestExecutionListener, org.springframework.security.test.context.support.ReactorContextTestExecutionListener, org.springframework.boot.test.autoconfigure.restdocs.RestDocsTestExecutionListener, org.springframework.boot.test.autoconfigure.web.client.MockRestServiceServerResetTestExecutionListener, org.springframework.boot.test.autoconfigure.web.servlet.MockMvcPrintOnlyOnFailureTestExecutionListener, org.springframework.boot.test.autoconfigure.web.servlet.WebDriverTestExecutionListener, org.springframework.boot.test.autoconfigure.webservices.client.MockWebServiceServerTestExecutionListener, org.springframework.boot.test.mock.mockito.MockitoTestExecutionListener, org.springframework.boot.test.mock.mockito.ResetMocksTestExecutionListener, org.springframework.test.context.web.ServletTestExecutionListener, org.springframework.test.context.support.DirtiesContextBeforeModesTestExecutionListener, org.springframework.test.context.support.DependencyInjectionTestExecutionListener, org.springframework.test.context.support.DirtiesContextTestExecutionListener, org.springframework.test.context.transaction.TransactionalTestExecutionListener, org.springframework.test.context.jdbc.SqlScriptsTestExecutionListener, org.springframework.test.context.event.EventPublishingTestExecutionListener]
20:47:29.757 [Test worker] INFO org.springframework.boot.test.context.SpringBootTestContextBootstrapper - Using TestExecutionListeners: [org.springframework.test.context.web.ServletTestExecutionListener@79e2180a, org.springframework.test.context.support.DirtiesContextBeforeModesTestExecutionListener@63c3e03, org.springframework.boot.test.mock.mockito.MockitoTestExecutionListener@24119474, org.springframework.boot.test.autoconfigure.SpringBootDependencyInjectionTestExecutionListener@44d5419, org.springframework.test.context.support.DirtiesContextTestExecutionListener@6d062ed2, org.springframework.test.context.transaction.TransactionalTestExecutionListener@aadd957, org.springframework.test.context.jdbc.SqlScriptsTestExecutionListener@22b74e42, org.springframework.security.test.context.support.WithSecurityContextTestExecutionListener@4cb43b91, org.springframework.test.context.event.EventPublishingTestExecutionListener@1018ec6b, org.springframework.security.test.context.support.ReactorContextTestExecutionListener@749be85e, org.springframework.boot.test.autoconfigure.restdocs.RestDocsTestExecutionListener@6cc66dd1, org.springframework.boot.test.autoconfigure.web.client.MockRestServiceServerResetTestExecutionListener@1c3bb6b, org.springframework.boot.test.autoconfigure.web.servlet.MockMvcPrintOnlyOnFailureTestExecutionListener@566f748c, org.springframework.boot.test.autoconfigure.web.servlet.WebDriverTestExecutionListener@7d9daf07, org.springframework.boot.test.autoconfigure.webservices.client.MockWebServiceServerTestExecutionListener@226afd80, org.springframework.boot.test.mock.mockito.ResetMocksTestExecutionListener@3e6e1245]
20:47:29.766 [Test worker] DEBUG org.springframework.test.context.support.AbstractDirtiesContextTestExecutionListener - Before test class: context [DefaultTestContext@5b4dea9a testClass = PostsRepositoryTest, testInstance = [null], testMethod = [null], testException = [null], mergedContextConfiguration = [WebMergedContextConfiguration@6c549cce testClass = PostsRepositoryTest, locations = '{}', classes = '{class org.practice.springboot.Application}', contextInitializerClasses = '[]', activeProfiles = '{}', propertySourceLocations = '{}', propertySourceProperties = '{org.springframework.boot.test.context.SpringBootTestContextBootstrapper=true}', contextCustomizers = set[org.springframework.boot.test.autoconfigure.actuate.metrics.MetricsExportContextCustomizerFactory$DisableMetricExportContextCustomizer@62f2620f, org.springframework.boot.test.autoconfigure.properties.PropertyMappingContextCustomizer@0, org.springframework.boot.test.autoconfigure.web.servlet.WebDriverContextCustomizerFactory$Customizer@4be20df8, org.springframework.boot.test.context.filter.ExcludeFilterContextCustomizer@66d410f3, org.springframework.boot.test.json.DuplicateJsonObjectContextCustomizerFactory$DuplicateJsonObjectContextCustomizer@2cd80909, org.springframework.boot.test.mock.mockito.MockitoContextCustomizer@0, org.springframework.boot.test.web.client.TestRestTemplateContextCustomizer@64b30235, org.springframework.boot.test.context.SpringBootTestArgs@1, org.springframework.boot.test.context.SpringBootTestWebEnvironment@509ffc3a], resourceBasePath = 'src/main/webapp', contextLoader = 'org.springframework.boot.test.context.SpringBootContextLoader', parent = [null]], attributes = map['org.springframework.test.context.web.ServletTestExecutionListener.activateListener' -> true]], class annotated with @DirtiesContext [false] with mode [null].
20:47:29.832 [Test worker] DEBUG org.springframework.test.context.support.TestPropertySourceUtils - Adding inlined properties to environment: {spring.jmx.enabled=false, org.springframework.boot.test.context.SpringBootTestContextBootstrapper=true}

  .   ____          _            __ _ _
 /\\ / ___'_ __ _ _(_)_ __  __ _ \ \ \ \
( ( )\___ | '_ | '_| | '_ \/ _` | \ \ \ \
 \\/  ___)| |_)| | | | | || (_| |  ) ) ) )
  '  |____| .__|_| |_|_| |_\__, | / / / /
 =========|_|==============|___/=/_/_/_/
 :: Spring Boot ::                (v2.4.1)

2021-05-13 20:47:30.465  INFO 792 --- [    Test worker] o.p.s.domain.posts.PostsRepositoryTest   : Starting PostsRepositoryTest using Java 1.8.0_251 on Lucy with PID 792 (started by bpuuq in C:\Users\bpuuq\IdeaProjects\springboot-webservice)
2021-05-13 20:47:30.471  INFO 792 --- [    Test worker] o.p.s.domain.posts.PostsRepositoryTest   : No active profile set, falling back to default profiles: default
2021-05-13 20:47:32.449  INFO 792 --- [    Test worker] .s.d.r.c.RepositoryConfigurationDelegate : Bootstrapping Spring Data JPA repositories in DEFAULT mode.
2021-05-13 20:47:32.638  INFO 792 --- [    Test worker] .s.d.r.c.RepositoryConfigurationDelegate : Finished Spring Data repository scanning in 167 ms. Found 2 JPA repository interfaces.
2021-05-13 20:47:34.575  INFO 792 --- [    Test worker] com.zaxxer.hikari.HikariDataSource       : HikariPool-1 - Starting...
2021-05-13 20:47:35.095  INFO 792 --- [    Test worker] com.zaxxer.hikari.HikariDataSource       : HikariPool-1 - Start completed.
2021-05-13 20:47:35.322  INFO 792 --- [    Test worker] o.hibernate.jpa.internal.util.LogHelper  : HHH000204: Processing PersistenceUnitInfo [name: default]
2021-05-13 20:47:35.511  INFO 792 --- [    Test worker] org.hibernate.Version                    : HHH000412: Hibernate ORM core version 5.4.25.Final
2021-05-13 20:47:35.970  INFO 792 --- [    Test worker] o.hibernate.annotations.common.Version   : HCANN000001: Hibernate Commons Annotations {5.1.2.Final}
2021-05-13 20:47:36.426  INFO 792 --- [    Test worker] org.hibernate.dialect.Dialect            : HHH000400: Using dialect: org.hibernate.dialect.MySQL57Dialect
Hibernate: drop table if exists posts
Hibernate: drop table if exists user
Hibernate: create table posts (id bigint not null auto_increment, created_date datetime(6), modified_date datetime(6), author varchar(255), content TEXT not null, title varchar(500) not null, primary key (id)) engine=InnoDB
Hibernate: create table user (id bigint not null auto_increment, created_date datetime(6), modified_date datetime(6), email varchar(255) not null, name varchar(255) not null, picture varchar(255), role varchar(255) not null, primary key (id)) engine=InnoDB
2021-05-13 20:47:38.104  INFO 792 --- [    Test worker] o.h.e.t.j.p.i.JtaPlatformInitiator       : HHH000490: Using JtaPlatform implementation: [org.hibernate.engine.transaction.jta.platform.internal.NoJtaPlatform]
2021-05-13 20:47:38.127  INFO 792 --- [    Test worker] j.LocalContainerEntityManagerFactoryBean : Initialized JPA EntityManagerFactory for persistence unit 'default'
2021-05-13 20:47:39.501  WARN 792 --- [    Test worker] JpaBaseConfiguration$JpaWebConfiguration : spring.jpa.open-in-view is enabled by default. Therefore, database queries may be performed during view rendering. Explicitly configure spring.jpa.open-in-view to disable this warning
2021-05-13 20:47:41.584  INFO 792 --- [    Test worker] o.s.s.web.DefaultSecurityFilterChain     : Will secure any request with [org.springframework.security.web.context.request.async.WebAsyncManagerIntegrationFilter@4d501bd2, org.springframework.security.web.context.SecurityContextPersistenceFilter@504ae1ce, org.springframework.security.web.header.HeaderWriterFilter@20bbdbc6, org.springframework.security.web.authentication.logout.LogoutFilter@4aec61aa, org.springframework.security.oauth2.client.web.OAuth2AuthorizationRequestRedirectFilter@34ba5681, org.springframework.security.oauth2.client.web.OAuth2LoginAuthenticationFilter@7468d095, org.springframework.security.web.authentication.ui.DefaultLoginPageGeneratingFilter@508206bd, org.springframework.security.web.authentication.ui.DefaultLogoutPageGeneratingFilter@575c2e51, org.springframework.security.web.savedrequest.RequestCacheAwareFilter@76c3309c, org.springframework.security.web.servletapi.SecurityContextHolderAwareRequestFilter@74cee142, org.springframework.security.web.authentication.AnonymousAuthenticationFilter@6cf78978, org.springframework.security.web.session.SessionManagementFilter@64ec78f6, org.springframework.security.web.access.ExceptionTranslationFilter@7b6c7bf6, org.springframework.security.web.access.intercept.FilterSecurityInterceptor@15ab83d8]
2021-05-13 20:47:42.895  INFO 792 --- [    Test worker] o.s.s.concurrent.ThreadPoolTaskExecutor  : Initializing ExecutorService 'applicationTaskExecutor'
2021-05-13 20:47:43.068  INFO 792 --- [    Test worker] o.s.b.a.h2.H2ConsoleAutoConfiguration    : H2 console available at '/h2-console'. Database available at 'jdbc:h2:mem:testdb'
2021-05-13 20:47:43.265  INFO 792 --- [    Test worker] o.s.b.a.w.s.WelcomePageHandlerMapping    : Adding welcome page template: index
2021-05-13 20:47:44.515  INFO 792 --- [    Test worker] s.a.ScheduledAnnotationBeanPostProcessor : No TaskScheduler/ScheduledExecutorService bean found for scheduled processing
2021-05-13 20:47:44.541  INFO 792 --- [    Test worker] o.p.s.domain.posts.PostsRepositoryTest   : Started PostsRepositoryTest in 14.695 seconds (JVM running for 18.169)
Hibernate: insert into posts (created_date, modified_date, author, content, title) values (?, ?, ?, ?, ?)
Hibernate: select posts0_.id as id1_0_, posts0_.created_date as created_2_0_, posts0_.modified_date as modified3_0_, posts0_.author as author4_0_, posts0_.content as content5_0_, posts0_.title as title6_0_ from posts posts0_
Hibernate: select posts0_.id as id1_0_, posts0_.created_date as created_2_0_, posts0_.modified_date as modified3_0_, posts0_.author as author4_0_, posts0_.content as content5_0_, posts0_.title as title6_0_ from posts posts0_
Hibernate: delete from posts where id=?
Hibernate: insert into posts (created_date, modified_date, author, content, title) values (?, ?, ?, ?, ?)
Hibernate: select posts0_.id as id1_0_, posts0_.created_date as created_2_0_, posts0_.modified_date as modified3_0_, posts0_.author as author4_0_, posts0_.content as content5_0_, posts0_.title as title6_0_ from posts posts0_
>>>>>>>>>>> createDate=2021-05-13T20:47:45.239, modifiedDate=2021-05-13T20:47:45.239
Hibernate: select posts0_.id as id1_0_, posts0_.created_date as created_2_0_, posts0_.modified_date as modified3_0_, posts0_.author as author4_0_, posts0_.content as content5_0_, posts0_.title as title6_0_ from posts posts0_
Hibernate: delete from posts where id=?
]]></system-out>
  <system-err><![CDATA[]]></system-err>
</testsuite>
