<?xml version="1.0" encoding="UTF-8"?>
<testsuite name="org.practice.springboot.web.HelloControllerTest" tests="2" skipped="0" failures="0" errors="0" timestamp="2020-09-07T17:38:16" hostname="에리무" time="0.392">
  <properties/>
  <testcase name="hello가_리턴된다" classname="org.practice.springboot.web.HelloControllerTest" time="0.177"/>
  <testcase name="helloDto가_리턴된다" classname="org.practice.springboot.web.HelloControllerTest" time="0.214"/>
  <system-out><![CDATA[2020-09-08 02:38:13.380  INFO 11120 --- [    Test worker] .b.t.a.w.s.WebMvcTestContextBootstrapper : Neither @ContextConfiguration nor @ContextHierarchy found for test class [org.practice.springboot.web.HelloControllerTest], using SpringBootContextLoader
2020-09-08 02:38:13.382  INFO 11120 --- [    Test worker] o.s.t.c.support.AbstractContextLoader    : Could not detect default resource locations for test class [org.practice.springboot.web.HelloControllerTest]: no resource found for suffixes {-context.xml, Context.groovy}.
2020-09-08 02:38:13.383  INFO 11120 --- [    Test worker] t.c.s.AnnotationConfigContextLoaderUtils : Could not detect default configuration classes for test class [org.practice.springboot.web.HelloControllerTest]: HelloControllerTest does not declare any static, non-private, non-final, nested classes annotated with @Configuration.
2020-09-08 02:38:13.454  INFO 11120 --- [    Test worker] .b.t.c.SpringBootTestContextBootstrapper : Found @SpringBootConfiguration org.practice.springboot.Application for test class org.practice.springboot.web.HelloControllerTest
2020-09-08 02:38:13.455  INFO 11120 --- [    Test worker] .b.t.a.w.s.WebMvcTestContextBootstrapper : Loaded default TestExecutionListener class names from location [META-INF/spring.factories]: [org.springframework.security.test.context.support.WithSecurityContextTestExecutionListener, org.springframework.security.test.context.support.ReactorContextTestExecutionListener, org.springframework.boot.test.autoconfigure.restdocs.RestDocsTestExecutionListener, org.springframework.boot.test.autoconfigure.web.client.MockRestServiceServerResetTestExecutionListener, org.springframework.boot.test.autoconfigure.web.servlet.MockMvcPrintOnlyOnFailureTestExecutionListener, org.springframework.boot.test.autoconfigure.web.servlet.WebDriverTestExecutionListener, org.springframework.boot.test.mock.mockito.MockitoTestExecutionListener, org.springframework.boot.test.mock.mockito.ResetMocksTestExecutionListener, org.springframework.test.context.web.ServletTestExecutionListener, org.springframework.test.context.support.DirtiesContextBeforeModesTestExecutionListener, org.springframework.test.context.support.DependencyInjectionTestExecutionListener, org.springframework.test.context.support.DirtiesContextTestExecutionListener, org.springframework.test.context.transaction.TransactionalTestExecutionListener, org.springframework.test.context.jdbc.SqlScriptsTestExecutionListener]
2020-09-08 02:38:13.462  INFO 11120 --- [    Test worker] .b.t.a.w.s.WebMvcTestContextBootstrapper : Using TestExecutionListeners: [org.springframework.test.context.web.ServletTestExecutionListener@4d6920ed, org.springframework.test.context.support.DirtiesContextBeforeModesTestExecutionListener@77201eba, org.springframework.boot.test.mock.mockito.MockitoTestExecutionListener@90ead4f, org.springframework.boot.test.autoconfigure.SpringBootDependencyInjectionTestExecutionListener@5b0eca93, org.springframework.test.context.support.DirtiesContextTestExecutionListener@5fe4f757, org.springframework.test.context.transaction.TransactionalTestExecutionListener@2846e7df, org.springframework.test.context.jdbc.SqlScriptsTestExecutionListener@54de534d, org.springframework.security.test.context.support.WithSecurityContextTestExecutionListener@79294117, org.springframework.security.test.context.support.ReactorContextTestExecutionListener@10f5f2a, org.springframework.boot.test.autoconfigure.restdocs.RestDocsTestExecutionListener@1e6838cb, org.springframework.boot.test.autoconfigure.web.client.MockRestServiceServerResetTestExecutionListener@380a4470, org.springframework.boot.test.autoconfigure.web.servlet.MockMvcPrintOnlyOnFailureTestExecutionListener@b189b9f, org.springframework.boot.test.autoconfigure.web.servlet.WebDriverTestExecutionListener@709563d9, org.springframework.boot.test.mock.mockito.ResetMocksTestExecutionListener@2f64a360]

  .   ____          _            __ _ _
 /\\ / ___'_ __ _ _(_)_ __  __ _ \ \ \ \
( ( )\___ | '_ | '_| | '_ \/ _` | \ \ \ \
 \\/  ___)| |_)| | | | | || (_| |  ) ) ) )
  '  |____| .__|_| |_|_| |_\__, | / / / /
 =========|_|==============|___/=/_/_/_/
 :: Spring Boot ::        (v2.1.7.RELEASE)

2020-09-08 02:38:13.566  INFO 11120 --- [    Test worker] o.p.springboot.web.HelloControllerTest   : Starting HelloControllerTest on 에리무 with PID 11120 (started by bpuuq in C:\Users\bpuuq\IdeaProjects\springboot-webservice)
2020-09-08 02:38:13.568  INFO 11120 --- [    Test worker] o.p.springboot.web.HelloControllerTest   : No active profile set, falling back to default profiles: default
2020-09-08 02:38:14.823  INFO 11120 --- [    Test worker] o.s.s.concurrent.ThreadPoolTaskExecutor  : Initializing ExecutorService 'applicationTaskExecutor'
2020-09-08 02:38:14.909  INFO 11120 --- [    Test worker] o.s.b.a.w.s.WelcomePageHandlerMapping    : Adding welcome page template: index
2020-09-08 02:38:15.538  INFO 11120 --- [    Test worker] .s.s.UserDetailsServiceAutoConfiguration : 

Using generated security password: 1cb9c99f-d680-40ee-ae59-a452b5c62648

2020-09-08 02:38:16.122  INFO 11120 --- [    Test worker] o.s.s.web.DefaultSecurityFilterChain     : Creating filter chain: any request, [org.springframework.security.web.context.request.async.WebAsyncManagerIntegrationFilter@40df3871, org.springframework.security.web.context.SecurityContextPersistenceFilter@45c1520b, org.springframework.security.web.header.HeaderWriterFilter@53e011ac, org.springframework.security.web.csrf.CsrfFilter@3403cce6, org.springframework.security.web.authentication.logout.LogoutFilter@61fffff, org.springframework.security.web.authentication.UsernamePasswordAuthenticationFilter@a781b5, org.springframework.security.web.authentication.ui.DefaultLoginPageGeneratingFilter@6acee4da, org.springframework.security.web.authentication.ui.DefaultLogoutPageGeneratingFilter@26f5c3a4, org.springframework.security.web.authentication.www.BasicAuthenticationFilter@47e53b03, org.springframework.security.web.savedrequest.RequestCacheAwareFilter@34cd9179, org.springframework.security.web.servletapi.SecurityContextHolderAwareRequestFilter@67738b3d, org.springframework.security.web.authentication.AnonymousAuthenticationFilter@48a6c95a, org.springframework.security.web.session.SessionManagementFilter@792e93ca, org.springframework.security.web.access.ExceptionTranslationFilter@23ca46ec, org.springframework.security.web.access.intercept.FilterSecurityInterceptor@4a195f97]
2020-09-08 02:38:16.262  INFO 11120 --- [    Test worker] o.s.b.t.m.w.SpringBootMockServletContext : Initializing Spring TestDispatcherServlet ''
2020-09-08 02:38:16.262  INFO 11120 --- [    Test worker] o.s.t.web.servlet.TestDispatcherServlet  : Initializing Servlet ''
2020-09-08 02:38:16.304  INFO 11120 --- [    Test worker] o.s.t.web.servlet.TestDispatcherServlet  : Completed initialization in 42 ms
2020-09-08 02:38:16.387  INFO 11120 --- [    Test worker] o.p.springboot.web.HelloControllerTest   : Started HelloControllerTest in 2.918 seconds (JVM running for 25.932)
]]></system-out>
  <system-err><![CDATA[]]></system-err>
</testsuite>
