<?xml version="1.0" encoding="UTF-8"?>
<testsuite name="org.practice.springboot.web.dto.HelloResponseDtoTest" tests="1" skipped="0" failures="0" errors="0" timestamp="2020-09-15T06:50:34" hostname="에리무" time="0.006">
  <properties/>
  <testcase name="롬복_기능_테스트" classname="org.practice.springboot.web.dto.HelloResponseDtoTest" time="0.006"/>
  <system-out><![CDATA[]]></system-out>
  <system-err><![CDATA[]]></system-err>
</testsuite>
