<?xml version="1.0" encoding="UTF-8"?>
<testsuite name="org.practice.springboot.web.HelloControllerTest" tests="2" skipped="0" failures="0" errors="0" timestamp="2021-05-13T11:47:54" hostname="LUCY" time="0.147">
  <properties/>
  <testcase name="hello가_리턴된다()" classname="org.practice.springboot.web.HelloControllerTest" time="0.035"/>
  <testcase name="helloDto가_리턴된다()" classname="org.practice.springboot.web.HelloControllerTest" time="0.108"/>
  <system-out><![CDATA[2021-05-13 20:47:52.482  INFO 792 --- [    Test worker] .b.t.a.w.s.WebMvcTestContextBootstrapper : Neither @ContextConfiguration nor @ContextHierarchy found for test class [org.practice.springboot.web.HelloControllerTest], using SpringBootContextLoader
2021-05-13 20:47:52.498  INFO 792 --- [    Test worker] o.s.t.c.support.AbstractContextLoader    : Could not detect default resource locations for test class [org.practice.springboot.web.HelloControllerTest]: no resource found for suffixes {-context.xml, Context.groovy}.
2021-05-13 20:47:52.499  INFO 792 --- [    Test worker] t.c.s.AnnotationConfigContextLoaderUtils : Could not detect default configuration classes for test class [org.practice.springboot.web.HelloControllerTest]: HelloControllerTest does not declare any static, non-private, non-final, nested classes annotated with @Configuration.
2021-05-13 20:47:52.534  INFO 792 --- [    Test worker] .b.t.c.SpringBootTestContextBootstrapper : Found @SpringBootConfiguration org.practice.springboot.Application for test class org.practice.springboot.web.HelloControllerTest
2021-05-13 20:47:52.535  INFO 792 --- [    Test worker] .b.t.a.w.s.WebMvcTestContextBootstrapper : Loaded default TestExecutionListener class names from location [META-INF/spring.factories]: [org.springframework.security.test.context.support.WithSecurityContextTestExecutionListener, org.springframework.security.test.context.support.ReactorContextTestExecutionListener, org.springframework.boot.test.autoconfigure.restdocs.RestDocsTestExecutionListener, org.springframework.boot.test.autoconfigure.web.client.MockRestServiceServerResetTestExecutionListener, org.springframework.boot.test.autoconfigure.web.servlet.MockMvcPrintOnlyOnFailureTestExecutionListener, org.springframework.boot.test.autoconfigure.web.servlet.WebDriverTestExecutionListener, org.springframework.boot.test.autoconfigure.webservices.client.MockWebServiceServerTestExecutionListener, org.springframework.boot.test.mock.mockito.MockitoTestExecutionListener, org.springframework.boot.test.mock.mockito.ResetMocksTestExecutionListener, org.springframework.test.context.web.ServletTestExecutionListener, org.springframework.test.context.support.DirtiesContextBeforeModesTestExecutionListener, org.springframework.test.context.support.DependencyInjectionTestExecutionListener, org.springframework.test.context.support.DirtiesContextTestExecutionListener, org.springframework.test.context.transaction.TransactionalTestExecutionListener, org.springframework.test.context.jdbc.SqlScriptsTestExecutionListener, org.springframework.test.context.event.EventPublishingTestExecutionListener]
2021-05-13 20:47:52.538  INFO 792 --- [    Test worker] .b.t.a.w.s.WebMvcTestContextBootstrapper : Using TestExecutionListeners: [org.springframework.test.context.web.ServletTestExecutionListener@7853094f, org.springframework.test.context.support.DirtiesContextBeforeModesTestExecutionListener@6fa75a5, org.springframework.boot.test.mock.mockito.MockitoTestExecutionListener@72da0ea1, org.springframework.boot.test.autoconfigure.SpringBootDependencyInjectionTestExecutionListener@272ae1d, org.springframework.test.context.support.DirtiesContextTestExecutionListener@620bc66d, org.springframework.test.context.transaction.TransactionalTestExecutionListener@3709c0d4, org.springframework.test.context.jdbc.SqlScriptsTestExecutionListener@15846f92, org.springframework.security.test.context.support.WithSecurityContextTestExecutionListener@2112979, org.springframework.test.context.event.EventPublishingTestExecutionListener@3e15aff8, org.springframework.security.test.context.support.ReactorContextTestExecutionListener@4763d78e, org.springframework.boot.test.autoconfigure.restdocs.RestDocsTestExecutionListener@71adc80f, org.springframework.boot.test.autoconfigure.web.client.MockRestServiceServerResetTestExecutionListener@7afc6da2, org.springframework.boot.test.autoconfigure.web.servlet.MockMvcPrintOnlyOnFailureTestExecutionListener@6985776a, org.springframework.boot.test.autoconfigure.web.servlet.WebDriverTestExecutionListener@30831273, org.springframework.boot.test.autoconfigure.webservices.client.MockWebServiceServerTestExecutionListener@2ff149dc, org.springframework.boot.test.mock.mockito.ResetMocksTestExecutionListener@3679b0fd]

  .   ____          _            __ _ _
 /\\ / ___'_ __ _ _(_)_ __  __ _ \ \ \ \
( ( )\___ | '_ | '_| | '_ \/ _` | \ \ \ \
 \\/  ___)| |_)| | | | | || (_| |  ) ) ) )
  '  |____| .__|_| |_|_| |_\__, | / / / /
 =========|_|==============|___/=/_/_/_/
 :: Spring Boot ::                (v2.4.1)

2021-05-13 20:47:52.615  INFO 792 --- [    Test worker] o.p.springboot.web.HelloControllerTest   : Starting HelloControllerTest using Java 1.8.0_251 on Lucy with PID 792 (started by bpuuq in C:\Users\bpuuq\IdeaProjects\springboot-webservice)
2021-05-13 20:47:52.616  INFO 792 --- [    Test worker] o.p.springboot.web.HelloControllerTest   : No active profile set, falling back to default profiles: default
2021-05-13 20:47:53.629  INFO 792 --- [    Test worker] o.s.s.concurrent.ThreadPoolTaskExecutor  : Initializing ExecutorService 'applicationTaskExecutor'
2021-05-13 20:47:53.724  INFO 792 --- [    Test worker] o.s.b.a.w.s.WelcomePageHandlerMapping    : Adding welcome page template: index
2021-05-13 20:47:54.650  INFO 792 --- [    Test worker] o.s.s.web.DefaultSecurityFilterChain     : Will secure any request with [org.springframework.security.web.context.request.async.WebAsyncManagerIntegrationFilter@de3db03, org.springframework.security.web.context.SecurityContextPersistenceFilter@2ee92656, org.springframework.security.web.header.HeaderWriterFilter@1ad7fb4b, org.springframework.security.web.csrf.CsrfFilter@5653ce58, org.springframework.security.web.authentication.logout.LogoutFilter@6c2f4a15, org.springframework.security.oauth2.client.web.OAuth2AuthorizationRequestRedirectFilter@7b9f14d2, org.springframework.security.oauth2.client.web.OAuth2AuthorizationRequestRedirectFilter@4c66b7d6, org.springframework.security.oauth2.client.web.OAuth2LoginAuthenticationFilter@45cd7a73, org.springframework.security.web.authentication.ui.DefaultLoginPageGeneratingFilter@3c5e3195, org.springframework.security.web.authentication.ui.DefaultLogoutPageGeneratingFilter@22864701, org.springframework.security.web.savedrequest.RequestCacheAwareFilter@a9b5742, org.springframework.security.web.servletapi.SecurityContextHolderAwareRequestFilter@2fb3e8f9, org.springframework.security.web.authentication.AnonymousAuthenticationFilter@243d79d8, org.springframework.security.oauth2.client.web.OAuth2AuthorizationCodeGrantFilter@d81778e, org.springframework.security.web.session.SessionManagementFilter@523ec747, org.springframework.security.web.access.ExceptionTranslationFilter@2b01eafb, org.springframework.security.web.access.intercept.FilterSecurityInterceptor@4459bf7b]
2021-05-13 20:47:54.885  INFO 792 --- [    Test worker] o.s.b.t.m.w.SpringBootMockServletContext : Initializing Spring TestDispatcherServlet ''
2021-05-13 20:47:54.886  INFO 792 --- [    Test worker] o.s.t.web.servlet.TestDispatcherServlet  : Initializing Servlet ''
2021-05-13 20:47:54.887  INFO 792 --- [    Test worker] o.s.t.web.servlet.TestDispatcherServlet  : Completed initialization in 1 ms
2021-05-13 20:47:54.938  INFO 792 --- [    Test worker] o.p.springboot.web.HelloControllerTest   : Started HelloControllerTest in 2.396 seconds (JVM running for 28.565)
]]></system-out>
  <system-err><![CDATA[]]></system-err>
</testsuite>
