<?xml version="1.0" encoding="UTF-8"?>
<testsuite name="org.practice.springboot.web.IndexControllerTest" tests="1" skipped="0" failures="0" errors="0" timestamp="2020-09-07T17:38:25" hostname="에리무" time="0.897">
  <properties/>
  <testcase name="메인페이지_로딩" classname="org.practice.springboot.web.IndexControllerTest" time="0.897"/>
  <system-out><![CDATA[2020-09-08 02:38:16.793  INFO 11120 --- [    Test worker] .b.t.c.SpringBootTestContextBootstrapper : Neither @ContextConfiguration nor @ContextHierarchy found for test class [org.practice.springboot.web.IndexControllerTest], using SpringBootContextLoader
2020-09-08 02:38:16.796  INFO 11120 --- [    Test worker] o.s.t.c.support.AbstractContextLoader    : Could not detect default resource locations for test class [org.practice.springboot.web.IndexControllerTest]: no resource found for suffixes {-context.xml, Context.groovy}.
2020-09-08 02:38:16.796  INFO 11120 --- [    Test worker] t.c.s.AnnotationConfigContextLoaderUtils : Could not detect default configuration classes for test class [org.practice.springboot.web.IndexControllerTest]: IndexControllerTest does not declare any static, non-private, non-final, nested classes annotated with @Configuration.
2020-09-08 02:38:16.803  INFO 11120 --- [    Test worker] .b.t.c.SpringBootTestContextBootstrapper : Found @SpringBootConfiguration org.practice.springboot.Application for test class org.practice.springboot.web.IndexControllerTest
2020-09-08 02:38:16.807  INFO 11120 --- [    Test worker] .b.t.c.SpringBootTestContextBootstrapper : Loaded default TestExecutionListener class names from location [META-INF/spring.factories]: [org.springframework.security.test.context.support.WithSecurityContextTestExecutionListener, org.springframework.security.test.context.support.ReactorContextTestExecutionListener, org.springframework.boot.test.autoconfigure.restdocs.RestDocsTestExecutionListener, org.springframework.boot.test.autoconfigure.web.client.MockRestServiceServerResetTestExecutionListener, org.springframework.boot.test.autoconfigure.web.servlet.MockMvcPrintOnlyOnFailureTestExecutionListener, org.springframework.boot.test.autoconfigure.web.servlet.WebDriverTestExecutionListener, org.springframework.boot.test.mock.mockito.MockitoTestExecutionListener, org.springframework.boot.test.mock.mockito.ResetMocksTestExecutionListener, org.springframework.test.context.web.ServletTestExecutionListener, org.springframework.test.context.support.DirtiesContextBeforeModesTestExecutionListener, org.springframework.test.context.support.DependencyInjectionTestExecutionListener, org.springframework.test.context.support.DirtiesContextTestExecutionListener, org.springframework.test.context.transaction.TransactionalTestExecutionListener, org.springframework.test.context.jdbc.SqlScriptsTestExecutionListener]
2020-09-08 02:38:16.816  INFO 11120 --- [    Test worker] .b.t.c.SpringBootTestContextBootstrapper : Using TestExecutionListeners: [org.springframework.test.context.web.ServletTestExecutionListener@7ef5bc69, org.springframework.test.context.support.DirtiesContextBeforeModesTestExecutionListener@70a09781, org.springframework.boot.test.mock.mockito.MockitoTestExecutionListener@3d5d7b59, org.springframework.boot.test.autoconfigure.SpringBootDependencyInjectionTestExecutionListener@6819c814, org.springframework.test.context.support.DirtiesContextTestExecutionListener@3b5c278a, org.springframework.test.context.transaction.TransactionalTestExecutionListener@4f34a3ff, org.springframework.test.context.jdbc.SqlScriptsTestExecutionListener@19e59ef3, org.springframework.security.test.context.support.WithSecurityContextTestExecutionListener@3f1aacb3, org.springframework.security.test.context.support.ReactorContextTestExecutionListener@65a0acad, org.springframework.boot.test.autoconfigure.restdocs.RestDocsTestExecutionListener@f61d0bd, org.springframework.boot.test.autoconfigure.web.client.MockRestServiceServerResetTestExecutionListener@3a46d5a4, org.springframework.boot.test.autoconfigure.web.servlet.MockMvcPrintOnlyOnFailureTestExecutionListener@5053896b, org.springframework.boot.test.autoconfigure.web.servlet.WebDriverTestExecutionListener@30f69208, org.springframework.boot.test.mock.mockito.ResetMocksTestExecutionListener@31935893]

  .   ____          _            __ _ _
 /\\ / ___'_ __ _ _(_)_ __  __ _ \ \ \ \
( ( )\___ | '_ | '_| | '_ \/ _` | \ \ \ \
 \\/  ___)| |_)| | | | | || (_| |  ) ) ) )
  '  |____| .__|_| |_|_| |_\__, | / / / /
 =========|_|==============|___/=/_/_/_/
 :: Spring Boot ::        (v2.1.7.RELEASE)

2020-09-08 02:38:16.941  INFO 11120 --- [    Test worker] o.p.springboot.web.IndexControllerTest   : Starting IndexControllerTest on 에리무 with PID 11120 (started by bpuuq in C:\Users\bpuuq\IdeaProjects\springboot-webservice)
2020-09-08 02:38:16.942  INFO 11120 --- [    Test worker] o.p.springboot.web.IndexControllerTest   : No active profile set, falling back to default profiles: default
2020-09-08 02:38:17.628  INFO 11120 --- [    Test worker] .s.d.r.c.RepositoryConfigurationDelegate : Bootstrapping Spring Data repositories in DEFAULT mode.
2020-09-08 02:38:17.704  INFO 11120 --- [    Test worker] .s.d.r.c.RepositoryConfigurationDelegate : Finished Spring Data repository scanning in 75ms. Found 2 repository interfaces.
2020-09-08 02:38:17.979  INFO 11120 --- [    Test worker] trationDelegate$BeanPostProcessorChecker : Bean 'org.springframework.transaction.annotation.ProxyTransactionManagementConfiguration' of type [org.springframework.transaction.annotation.ProxyTransactionManagementConfiguration$$EnhancerBySpringCGLIB$$c87f4cd5] is not eligible for getting processed by all BeanPostProcessors (for example: not eligible for auto-proxying)
2020-09-08 02:38:19.029  INFO 11120 --- [    Test worker] o.s.b.w.embedded.tomcat.TomcatWebServer  : Tomcat initialized with port(s): 0 (http)
2020-09-08 02:38:19.173  INFO 11120 --- [    Test worker] o.apache.catalina.core.StandardService   : Starting service [Tomcat]
2020-09-08 02:38:19.174  INFO 11120 --- [    Test worker] org.apache.catalina.core.StandardEngine  : Starting Servlet engine: [Apache Tomcat/9.0.22]
2020-09-08 02:38:19.820  INFO 11120 --- [    Test worker] o.a.c.c.C.[Tomcat].[localhost].[/]       : Initializing Spring embedded WebApplicationContext
2020-09-08 02:38:19.821  INFO 11120 --- [    Test worker] o.s.web.context.ContextLoader            : Root WebApplicationContext: initialization completed in 2872 ms
2020-09-08 02:38:20.398  INFO 11120 --- [    Test worker] com.zaxxer.hikari.HikariDataSource       : HikariPool-2 - Starting...
2020-09-08 02:38:20.400  INFO 11120 --- [    Test worker] com.zaxxer.hikari.HikariDataSource       : HikariPool-2 - Start completed.
2020-09-08 02:38:20.549  INFO 11120 --- [    Test worker] o.hibernate.jpa.internal.util.LogHelper  : HHH000204: Processing PersistenceUnitInfo [
	name: default
	...]
2020-09-08 02:38:20.582  INFO 11120 --- [    Test worker] org.hibernate.dialect.Dialect            : HHH000400: Using dialect: org.hibernate.dialect.MySQL5Dialect
Hibernate: drop table if exists posts
Hibernate: drop table if exists user
Hibernate: create table posts (id bigint not null auto_increment, created_date datetime, modified_date datetime, author varchar(255), content TEXT not null, title varchar(500) not null, primary key (id)) engine=MyISAM
Hibernate: create table user (id bigint not null auto_increment, created_date datetime, modified_date datetime, email varchar(255) not null, name varchar(255) not null, picture varchar(255), role varchar(255) not null, primary key (id)) engine=MyISAM
2020-09-08 02:38:20.714  INFO 11120 --- [    Test worker] o.h.t.schema.internal.SchemaCreatorImpl  : HHH000476: Executing import script 'org.hibernate.tool.schema.internal.exec.ScriptSourceInputNonExistentImpl@9c7e213'
2020-09-08 02:38:20.714  INFO 11120 --- [    Test worker] j.LocalContainerEntityManagerFactoryBean : Initialized JPA EntityManagerFactory for persistence unit 'default'
2020-09-08 02:38:22.005  INFO 11120 --- [    Test worker] o.h.h.i.QueryTranslatorFactoryInitiator  : HHH000397: Using ASTQueryTranslatorFactory
2020-09-08 02:38:22.495  INFO 11120 --- [    Test worker] o.s.s.web.DefaultSecurityFilterChain     : Creating filter chain: any request, [org.springframework.security.web.context.request.async.WebAsyncManagerIntegrationFilter@6c3dadd6, org.springframework.security.web.context.SecurityContextPersistenceFilter@6b9ab112, org.springframework.security.web.header.HeaderWriterFilter@2ad55994, org.springframework.security.web.authentication.logout.LogoutFilter@6ee3241, org.springframework.security.oauth2.client.web.OAuth2AuthorizationRequestRedirectFilter@76ad3d8d, org.springframework.security.oauth2.client.web.OAuth2LoginAuthenticationFilter@241f9ee8, org.springframework.security.web.authentication.ui.DefaultLoginPageGeneratingFilter@3842167a, org.springframework.security.web.authentication.ui.DefaultLogoutPageGeneratingFilter@514f32ff, org.springframework.security.web.savedrequest.RequestCacheAwareFilter@78072301, org.springframework.security.web.servletapi.SecurityContextHolderAwareRequestFilter@781ecc6c, org.springframework.security.web.authentication.AnonymousAuthenticationFilter@4e912c0e, org.springframework.security.web.session.SessionManagementFilter@75d6a95c, org.springframework.security.web.access.ExceptionTranslationFilter@3f459971, org.springframework.security.web.access.intercept.FilterSecurityInterceptor@3f6055e3]
2020-09-08 02:38:23.616  INFO 11120 --- [    Test worker] o.s.s.concurrent.ThreadPoolTaskExecutor  : Initializing ExecutorService 'applicationTaskExecutor'
2020-09-08 02:38:23.659  WARN 11120 --- [    Test worker] aWebConfiguration$JpaWebMvcConfiguration : spring.jpa.open-in-view is enabled by default. Therefore, database queries may be performed during view rendering. Explicitly configure spring.jpa.open-in-view to disable this warning
2020-09-08 02:38:23.747  INFO 11120 --- [    Test worker] o.s.b.a.w.s.WelcomePageHandlerMapping    : Adding welcome page template: index
2020-09-08 02:38:25.026  INFO 11120 --- [    Test worker] s.a.ScheduledAnnotationBeanPostProcessor : No TaskScheduler/ScheduledExecutorService bean found for scheduled processing
2020-09-08 02:38:25.076  INFO 11120 --- [    Test worker] o.s.b.w.embedded.tomcat.TomcatWebServer  : Tomcat started on port(s): 63699 (http) with context path ''
2020-09-08 02:38:25.078  INFO 11120 --- [    Test worker] o.p.springboot.web.IndexControllerTest   : Started IndexControllerTest in 8.256 seconds (JVM running for 34.623)
2020-09-08 02:38:25.328  INFO 11120 --- [o-auto-1-exec-1] o.a.c.c.C.[Tomcat].[localhost].[/]       : Initializing Spring DispatcherServlet 'dispatcherServlet'
2020-09-08 02:38:25.329  INFO 11120 --- [o-auto-1-exec-1] o.s.web.servlet.DispatcherServlet        : Initializing Servlet 'dispatcherServlet'
2020-09-08 02:38:25.379  INFO 11120 --- [o-auto-1-exec-1] o.s.web.servlet.DispatcherServlet        : Completed initialization in 50 ms
Hibernate: select posts0_.id as id1_0_, posts0_.created_date as created_2_0_, posts0_.modified_date as modified3_0_, posts0_.author as author4_0_, posts0_.content as content5_0_, posts0_.title as title6_0_ from posts posts0_ order by posts0_.id DESC
]]></system-out>
  <system-err><![CDATA[]]></system-err>
</testsuite>
