<?xml version="1.0" encoding="UTF-8"?>
<testsuite name="org.practice.springboot.web.IndexControllerTest" tests="1" skipped="0" failures="0" errors="0" timestamp="2020-09-07T17:54:25" hostname="에리무" time="0.551">
  <properties/>
  <testcase name="메인페이지_로딩" classname="org.practice.springboot.web.IndexControllerTest" time="0.551"/>
  <system-out><![CDATA[2020-09-08 02:54:19.757  INFO 3728 --- [    Test worker] .b.t.c.SpringBootTestContextBootstrapper : Neither @ContextConfiguration nor @ContextHierarchy found for test class [org.practice.springboot.web.IndexControllerTest], using SpringBootContextLoader
2020-09-08 02:54:19.761  INFO 3728 --- [    Test worker] o.s.t.c.support.AbstractContextLoader    : Could not detect default resource locations for test class [org.practice.springboot.web.IndexControllerTest]: no resource found for suffixes {-context.xml, Context.groovy}.
2020-09-08 02:54:19.763  INFO 3728 --- [    Test worker] t.c.s.AnnotationConfigContextLoaderUtils : Could not detect default configuration classes for test class [org.practice.springboot.web.IndexControllerTest]: IndexControllerTest does not declare any static, non-private, non-final, nested classes annotated with @Configuration.
2020-09-08 02:54:19.770  INFO 3728 --- [    Test worker] .b.t.c.SpringBootTestContextBootstrapper : Found @SpringBootConfiguration org.practice.springboot.Application for test class org.practice.springboot.web.IndexControllerTest
2020-09-08 02:54:19.773  INFO 3728 --- [    Test worker] .b.t.c.SpringBootTestContextBootstrapper : Loaded default TestExecutionListener class names from location [META-INF/spring.factories]: [org.springframework.security.test.context.support.WithSecurityContextTestExecutionListener, org.springframework.security.test.context.support.ReactorContextTestExecutionListener, org.springframework.boot.test.autoconfigure.restdocs.RestDocsTestExecutionListener, org.springframework.boot.test.autoconfigure.web.client.MockRestServiceServerResetTestExecutionListener, org.springframework.boot.test.autoconfigure.web.servlet.MockMvcPrintOnlyOnFailureTestExecutionListener, org.springframework.boot.test.autoconfigure.web.servlet.WebDriverTestExecutionListener, org.springframework.boot.test.mock.mockito.MockitoTestExecutionListener, org.springframework.boot.test.mock.mockito.ResetMocksTestExecutionListener, org.springframework.test.context.web.ServletTestExecutionListener, org.springframework.test.context.support.DirtiesContextBeforeModesTestExecutionListener, org.springframework.test.context.support.DependencyInjectionTestExecutionListener, org.springframework.test.context.support.DirtiesContextTestExecutionListener, org.springframework.test.context.transaction.TransactionalTestExecutionListener, org.springframework.test.context.jdbc.SqlScriptsTestExecutionListener]
2020-09-08 02:54:19.777  INFO 3728 --- [    Test worker] .b.t.c.SpringBootTestContextBootstrapper : Using TestExecutionListeners: [org.springframework.test.context.web.ServletTestExecutionListener@8420642, org.springframework.test.context.support.DirtiesContextBeforeModesTestExecutionListener@1deb7c0, org.springframework.boot.test.mock.mockito.MockitoTestExecutionListener@ef951db, org.springframework.boot.test.autoconfigure.SpringBootDependencyInjectionTestExecutionListener@1ebde2f4, org.springframework.test.context.support.DirtiesContextTestExecutionListener@6d58777, org.springframework.test.context.transaction.TransactionalTestExecutionListener@72c150da, org.springframework.test.context.jdbc.SqlScriptsTestExecutionListener@3672a0d0, org.springframework.security.test.context.support.WithSecurityContextTestExecutionListener@47295ea8, org.springframework.security.test.context.support.ReactorContextTestExecutionListener@6d6d8705, org.springframework.boot.test.autoconfigure.restdocs.RestDocsTestExecutionListener@15525df2, org.springframework.boot.test.autoconfigure.web.client.MockRestServiceServerResetTestExecutionListener@36051ba8, org.springframework.boot.test.autoconfigure.web.servlet.MockMvcPrintOnlyOnFailureTestExecutionListener@3bd4cfde, org.springframework.boot.test.autoconfigure.web.servlet.WebDriverTestExecutionListener@3a00220e, org.springframework.boot.test.mock.mockito.ResetMocksTestExecutionListener@3dba5571]

  .   ____          _            __ _ _
 /\\ / ___'_ __ _ _(_)_ __  __ _ \ \ \ \
( ( )\___ | '_ | '_| | '_ \/ _` | \ \ \ \
 \\/  ___)| |_)| | | | | || (_| |  ) ) ) )
  '  |____| .__|_| |_|_| |_\__, | / / / /
 =========|_|==============|___/=/_/_/_/
 :: Spring Boot ::        (v2.1.7.RELEASE)

2020-09-08 02:54:19.876  INFO 3728 --- [    Test worker] o.p.springboot.web.IndexControllerTest   : Starting IndexControllerTest on 에리무 with PID 3728 (started by bpuuq in C:\Users\bpuuq\IdeaProjects\springboot-webservice)
2020-09-08 02:54:19.877  INFO 3728 --- [    Test worker] o.p.springboot.web.IndexControllerTest   : No active profile set, falling back to default profiles: default
2020-09-08 02:54:20.465  INFO 3728 --- [    Test worker] .s.d.r.c.RepositoryConfigurationDelegate : Bootstrapping Spring Data repositories in DEFAULT mode.
2020-09-08 02:54:20.553  INFO 3728 --- [    Test worker] .s.d.r.c.RepositoryConfigurationDelegate : Finished Spring Data repository scanning in 87ms. Found 2 repository interfaces.
2020-09-08 02:54:20.899  INFO 3728 --- [    Test worker] trationDelegate$BeanPostProcessorChecker : Bean 'org.springframework.transaction.annotation.ProxyTransactionManagementConfiguration' of type [org.springframework.transaction.annotation.ProxyTransactionManagementConfiguration$$EnhancerBySpringCGLIB$$e0d393ba] is not eligible for getting processed by all BeanPostProcessors (for example: not eligible for auto-proxying)
2020-09-08 02:54:21.720  INFO 3728 --- [    Test worker] o.s.b.w.embedded.tomcat.TomcatWebServer  : Tomcat initialized with port(s): 0 (http)
2020-09-08 02:54:21.789  INFO 3728 --- [    Test worker] o.apache.catalina.core.StandardService   : Starting service [Tomcat]
2020-09-08 02:54:21.790  INFO 3728 --- [    Test worker] org.apache.catalina.core.StandardEngine  : Starting Servlet engine: [Apache Tomcat/9.0.22]
2020-09-08 02:54:22.213  INFO 3728 --- [    Test worker] o.a.c.c.C.[Tomcat].[localhost].[/]       : Initializing Spring embedded WebApplicationContext
2020-09-08 02:54:22.213  INFO 3728 --- [    Test worker] o.s.web.context.ContextLoader            : Root WebApplicationContext: initialization completed in 2327 ms
2020-09-08 02:54:22.749  INFO 3728 --- [    Test worker] com.zaxxer.hikari.HikariDataSource       : HikariPool-2 - Starting...
2020-09-08 02:54:22.751  INFO 3728 --- [    Test worker] com.zaxxer.hikari.HikariDataSource       : HikariPool-2 - Start completed.
2020-09-08 02:54:22.874  INFO 3728 --- [    Test worker] o.hibernate.jpa.internal.util.LogHelper  : HHH000204: Processing PersistenceUnitInfo [
	name: default
	...]
2020-09-08 02:54:22.914  INFO 3728 --- [    Test worker] org.hibernate.dialect.Dialect            : HHH000400: Using dialect: org.hibernate.dialect.MySQL5InnoDBDialect
Hibernate: drop table if exists posts
Hibernate: drop table if exists user
Hibernate: create table posts (id bigint not null auto_increment, created_date datetime, modified_date datetime, author varchar(255), content TEXT not null, title varchar(500) not null, primary key (id)) engine=InnoDB
Hibernate: create table user (id bigint not null auto_increment, created_date datetime, modified_date datetime, email varchar(255) not null, name varchar(255) not null, picture varchar(255), role varchar(255) not null, primary key (id)) engine=InnoDB
2020-09-08 02:54:23.049  INFO 3728 --- [    Test worker] o.h.t.schema.internal.SchemaCreatorImpl  : HHH000476: Executing import script 'org.hibernate.tool.schema.internal.exec.ScriptSourceInputNonExistentImpl@45537178'
2020-09-08 02:54:23.049  INFO 3728 --- [    Test worker] j.LocalContainerEntityManagerFactoryBean : Initialized JPA EntityManagerFactory for persistence unit 'default'
2020-09-08 02:54:23.930  INFO 3728 --- [    Test worker] o.h.h.i.QueryTranslatorFactoryInitiator  : HHH000397: Using ASTQueryTranslatorFactory
2020-09-08 02:54:24.420  INFO 3728 --- [    Test worker] o.s.s.web.DefaultSecurityFilterChain     : Creating filter chain: any request, [org.springframework.security.web.context.request.async.WebAsyncManagerIntegrationFilter@7e28c08e, org.springframework.security.web.context.SecurityContextPersistenceFilter@310d24f4, org.springframework.security.web.header.HeaderWriterFilter@1d3f646c, org.springframework.security.web.authentication.logout.LogoutFilter@53995e44, org.springframework.security.oauth2.client.web.OAuth2AuthorizationRequestRedirectFilter@6a947c5a, org.springframework.security.oauth2.client.web.OAuth2LoginAuthenticationFilter@305f9973, org.springframework.security.web.authentication.ui.DefaultLoginPageGeneratingFilter@b6be159, org.springframework.security.web.authentication.ui.DefaultLogoutPageGeneratingFilter@991866c, org.springframework.security.web.savedrequest.RequestCacheAwareFilter@24f536d5, org.springframework.security.web.servletapi.SecurityContextHolderAwareRequestFilter@428f3a23, org.springframework.security.web.authentication.AnonymousAuthenticationFilter@40ae5da8, org.springframework.security.web.session.SessionManagementFilter@339f4645, org.springframework.security.web.access.ExceptionTranslationFilter@e2a1e9, org.springframework.security.web.access.intercept.FilterSecurityInterceptor@6bf387a0]
2020-09-08 02:54:24.943  INFO 3728 --- [    Test worker] o.s.s.concurrent.ThreadPoolTaskExecutor  : Initializing ExecutorService 'applicationTaskExecutor'
2020-09-08 02:54:24.977  WARN 3728 --- [    Test worker] aWebConfiguration$JpaWebMvcConfiguration : spring.jpa.open-in-view is enabled by default. Therefore, database queries may be performed during view rendering. Explicitly configure spring.jpa.open-in-view to disable this warning
2020-09-08 02:54:25.047  INFO 3728 --- [    Test worker] o.s.b.a.w.s.WelcomePageHandlerMapping    : Adding welcome page template: index
2020-09-08 02:54:25.929  INFO 3728 --- [    Test worker] s.a.ScheduledAnnotationBeanPostProcessor : No TaskScheduler/ScheduledExecutorService bean found for scheduled processing
2020-09-08 02:54:25.971  INFO 3728 --- [    Test worker] o.s.b.w.embedded.tomcat.TomcatWebServer  : Tomcat started on port(s): 64121 (http) with context path ''
2020-09-08 02:54:25.973  INFO 3728 --- [    Test worker] o.p.springboot.web.IndexControllerTest   : Started IndexControllerTest in 6.192 seconds (JVM running for 29.364)
2020-09-08 02:54:26.196  INFO 3728 --- [o-auto-1-exec-1] o.a.c.c.C.[Tomcat].[localhost].[/]       : Initializing Spring DispatcherServlet 'dispatcherServlet'
2020-09-08 02:54:26.197  INFO 3728 --- [o-auto-1-exec-1] o.s.web.servlet.DispatcherServlet        : Initializing Servlet 'dispatcherServlet'
2020-09-08 02:54:26.251  INFO 3728 --- [o-auto-1-exec-1] o.s.web.servlet.DispatcherServlet        : Completed initialization in 54 ms
Hibernate: select posts0_.id as id1_0_, posts0_.created_date as created_2_0_, posts0_.modified_date as modified3_0_, posts0_.author as author4_0_, posts0_.content as content5_0_, posts0_.title as title6_0_ from posts posts0_ order by posts0_.id DESC
]]></system-out>
  <system-err><![CDATA[]]></system-err>
</testsuite>
