<?xml version="1.0" encoding="UTF-8"?>
<testsuite name="org.practice.springboot.web.ProfileControllerTest" tests="1" skipped="0" failures="0" errors="0" timestamp="2021-05-13T11:47:55" hostname="LUCY" time="0.03">
  <properties/>
  <testcase name="profile은_인증없이_호출된다()" classname="org.practice.springboot.web.ProfileControllerTest" time="0.03"/>
  <system-out><![CDATA[2021-05-13 20:47:55.117  INFO 792 --- [    Test worker] .b.t.c.SpringBootTestContextBootstrapper : Neither @ContextConfiguration nor @ContextHierarchy found for test class [org.practice.springboot.web.ProfileControllerTest], using SpringBootContextLoader
2021-05-13 20:47:55.120  INFO 792 --- [    Test worker] o.s.t.c.support.AbstractContextLoader    : Could not detect default resource locations for test class [org.practice.springboot.web.ProfileControllerTest]: no resource found for suffixes {-context.xml, Context.groovy}.
2021-05-13 20:47:55.120  INFO 792 --- [    Test worker] t.c.s.AnnotationConfigContextLoaderUtils : Could not detect default configuration classes for test class [org.practice.springboot.web.ProfileControllerTest]: ProfileControllerTest does not declare any static, non-private, non-final, nested classes annotated with @Configuration.
2021-05-13 20:47:55.124  INFO 792 --- [    Test worker] .b.t.c.SpringBootTestContextBootstrapper : Found @SpringBootConfiguration org.practice.springboot.Application for test class org.practice.springboot.web.ProfileControllerTest
2021-05-13 20:47:55.130  INFO 792 --- [    Test worker] .b.t.c.SpringBootTestContextBootstrapper : Loaded default TestExecutionListener class names from location [META-INF/spring.factories]: [org.springframework.security.test.context.support.WithSecurityContextTestExecutionListener, org.springframework.security.test.context.support.ReactorContextTestExecutionListener, org.springframework.boot.test.autoconfigure.restdocs.RestDocsTestExecutionListener, org.springframework.boot.test.autoconfigure.web.client.MockRestServiceServerResetTestExecutionListener, org.springframework.boot.test.autoconfigure.web.servlet.MockMvcPrintOnlyOnFailureTestExecutionListener, org.springframework.boot.test.autoconfigure.web.servlet.WebDriverTestExecutionListener, org.springframework.boot.test.autoconfigure.webservices.client.MockWebServiceServerTestExecutionListener, org.springframework.boot.test.mock.mockito.MockitoTestExecutionListener, org.springframework.boot.test.mock.mockito.ResetMocksTestExecutionListener, org.springframework.test.context.web.ServletTestExecutionListener, org.springframework.test.context.support.DirtiesContextBeforeModesTestExecutionListener, org.springframework.test.context.support.DependencyInjectionTestExecutionListener, org.springframework.test.context.support.DirtiesContextTestExecutionListener, org.springframework.test.context.transaction.TransactionalTestExecutionListener, org.springframework.test.context.jdbc.SqlScriptsTestExecutionListener, org.springframework.test.context.event.EventPublishingTestExecutionListener]
2021-05-13 20:47:55.133  INFO 792 --- [    Test worker] .b.t.c.SpringBootTestContextBootstrapper : Using TestExecutionListeners: [org.springframework.test.context.web.ServletTestExecutionListener@16533f7d, org.springframework.test.context.support.DirtiesContextBeforeModesTestExecutionListener@5756c0a5, org.springframework.boot.test.mock.mockito.MockitoTestExecutionListener@51cf548b, org.springframework.boot.test.autoconfigure.SpringBootDependencyInjectionTestExecutionListener@503ca834, org.springframework.test.context.support.DirtiesContextTestExecutionListener@5f1bdd99, org.springframework.test.context.transaction.TransactionalTestExecutionListener@3e297d37, org.springframework.test.context.jdbc.SqlScriptsTestExecutionListener@15690d75, org.springframework.security.test.context.support.WithSecurityContextTestExecutionListener@20a16ae4, org.springframework.test.context.event.EventPublishingTestExecutionListener@21578c7c, org.springframework.security.test.context.support.ReactorContextTestExecutionListener@54628da4, org.springframework.boot.test.autoconfigure.restdocs.RestDocsTestExecutionListener@9bd30f8, org.springframework.boot.test.autoconfigure.web.client.MockRestServiceServerResetTestExecutionListener@22608d61, org.springframework.boot.test.autoconfigure.web.servlet.MockMvcPrintOnlyOnFailureTestExecutionListener@3fc9d13d, org.springframework.boot.test.autoconfigure.web.servlet.WebDriverTestExecutionListener@7f0664cd, org.springframework.boot.test.autoconfigure.webservices.client.MockWebServiceServerTestExecutionListener@1fdca125, org.springframework.boot.test.mock.mockito.ResetMocksTestExecutionListener@39f13c3a]
]]></system-out>
  <system-err><![CDATA[]]></system-err>
</testsuite>
