<?xml version="1.0" encoding="UTF-8"?>
<testsuite name="org.practice.springboot.web.HelloControllerTest" tests="2" skipped="0" failures="0" errors="0" timestamp="2020-09-05T14:36:50" hostname="에리무" time="0.336">
  <properties/>
  <testcase name="hello가_리턴된다" classname="org.practice.springboot.web.HelloControllerTest" time="0.063"/>
  <testcase name="helloDto가_리턴된다" classname="org.practice.springboot.web.HelloControllerTest" time="0.272"/>
  <system-out><![CDATA[2020-09-05 23:36:46.325  INFO 7984 --- [    Test worker] .b.t.a.w.s.WebMvcTestContextBootstrapper : Neither @ContextConfiguration nor @ContextHierarchy found for test class [org.practice.springboot.web.HelloControllerTest], using SpringBootContextLoader
2020-09-05 23:36:46.328  INFO 7984 --- [    Test worker] o.s.t.c.support.AbstractContextLoader    : Could not detect default resource locations for test class [org.practice.springboot.web.HelloControllerTest]: no resource found for suffixes {-context.xml, Context.groovy}.
2020-09-05 23:36:46.330  INFO 7984 --- [    Test worker] t.c.s.AnnotationConfigContextLoaderUtils : Could not detect default configuration classes for test class [org.practice.springboot.web.HelloControllerTest]: HelloControllerTest does not declare any static, non-private, non-final, nested classes annotated with @Configuration.
2020-09-05 23:36:46.381  INFO 7984 --- [    Test worker] .b.t.c.SpringBootTestContextBootstrapper : Found @SpringBootConfiguration org.practice.springboot.Application for test class org.practice.springboot.web.HelloControllerTest
2020-09-05 23:36:46.382  INFO 7984 --- [    Test worker] .b.t.a.w.s.WebMvcTestContextBootstrapper : Loaded default TestExecutionListener class names from location [META-INF/spring.factories]: [org.springframework.security.test.context.support.WithSecurityContextTestExecutionListener, org.springframework.security.test.context.support.ReactorContextTestExecutionListener, org.springframework.boot.test.autoconfigure.restdocs.RestDocsTestExecutionListener, org.springframework.boot.test.autoconfigure.web.client.MockRestServiceServerResetTestExecutionListener, org.springframework.boot.test.autoconfigure.web.servlet.MockMvcPrintOnlyOnFailureTestExecutionListener, org.springframework.boot.test.autoconfigure.web.servlet.WebDriverTestExecutionListener, org.springframework.boot.test.mock.mockito.MockitoTestExecutionListener, org.springframework.boot.test.mock.mockito.ResetMocksTestExecutionListener, org.springframework.test.context.web.ServletTestExecutionListener, org.springframework.test.context.support.DirtiesContextBeforeModesTestExecutionListener, org.springframework.test.context.support.DependencyInjectionTestExecutionListener, org.springframework.test.context.support.DirtiesContextTestExecutionListener, org.springframework.test.context.transaction.TransactionalTestExecutionListener, org.springframework.test.context.jdbc.SqlScriptsTestExecutionListener]
2020-09-05 23:36:46.389  INFO 7984 --- [    Test worker] .b.t.a.w.s.WebMvcTestContextBootstrapper : Using TestExecutionListeners: [org.springframework.test.context.web.ServletTestExecutionListener@669bfcfc, org.springframework.test.context.support.DirtiesContextBeforeModesTestExecutionListener@759e9d78, org.springframework.boot.test.mock.mockito.MockitoTestExecutionListener@49244fda, org.springframework.boot.test.autoconfigure.SpringBootDependencyInjectionTestExecutionListener@50038821, org.springframework.test.context.support.DirtiesContextTestExecutionListener@6946f2c1, org.springframework.test.context.transaction.TransactionalTestExecutionListener@68b2c7cc, org.springframework.test.context.jdbc.SqlScriptsTestExecutionListener@3830f9f, org.springframework.security.test.context.support.WithSecurityContextTestExecutionListener@4f0dcd4e, org.springframework.security.test.context.support.ReactorContextTestExecutionListener@1103fe94, org.springframework.boot.test.autoconfigure.restdocs.RestDocsTestExecutionListener@6f71d7df, org.springframework.boot.test.autoconfigure.web.client.MockRestServiceServerResetTestExecutionListener@7495c259, org.springframework.boot.test.autoconfigure.web.servlet.MockMvcPrintOnlyOnFailureTestExecutionListener@55530638, org.springframework.boot.test.autoconfigure.web.servlet.WebDriverTestExecutionListener@5baaa558, org.springframework.boot.test.mock.mockito.ResetMocksTestExecutionListener@3a044edd]

  .   ____          _            __ _ _
 /\\ / ___'_ __ _ _(_)_ __  __ _ \ \ \ \
( ( )\___ | '_ | '_| | '_ \/ _` | \ \ \ \
 \\/  ___)| |_)| | | | | || (_| |  ) ) ) )
  '  |____| .__|_| |_|_| |_\__, | / / / /
 =========|_|==============|___/=/_/_/_/
 :: Spring Boot ::        (v2.1.7.RELEASE)

2020-09-05 23:36:46.492  INFO 7984 --- [    Test worker] o.p.springboot.web.HelloControllerTest   : Starting HelloControllerTest on 에리무 with PID 7984 (started by bpuuq in C:\Users\bpuuq\IdeaProjects\springboot-webservice)
2020-09-05 23:36:46.499  INFO 7984 --- [    Test worker] o.p.springboot.web.HelloControllerTest   : No active profile set, falling back to default profiles: default
2020-09-05 23:36:48.664  INFO 7984 --- [    Test worker] o.s.s.concurrent.ThreadPoolTaskExecutor  : Initializing ExecutorService 'applicationTaskExecutor'
2020-09-05 23:36:48.877  INFO 7984 --- [    Test worker] o.s.b.a.w.s.WelcomePageHandlerMapping    : Adding welcome page template: index
2020-09-05 23:36:50.274  INFO 7984 --- [    Test worker] .s.s.UserDetailsServiceAutoConfiguration : 

Using generated security password: de0e0ff4-2cce-42b9-a826-7f478f7dc1a5

2020-09-05 23:36:50.744  INFO 7984 --- [    Test worker] o.s.s.web.DefaultSecurityFilterChain     : Creating filter chain: any request, [org.springframework.security.web.context.request.async.WebAsyncManagerIntegrationFilter@2289601b, org.springframework.security.web.context.SecurityContextPersistenceFilter@6e232b24, org.springframework.security.web.header.HeaderWriterFilter@40ba46e4, org.springframework.security.web.csrf.CsrfFilter@601c7c49, org.springframework.security.web.authentication.logout.LogoutFilter@2c90c841, org.springframework.security.web.authentication.UsernamePasswordAuthenticationFilter@4aa1bad4, org.springframework.security.web.authentication.ui.DefaultLoginPageGeneratingFilter@5b9da21d, org.springframework.security.web.authentication.ui.DefaultLogoutPageGeneratingFilter@d00a32d, org.springframework.security.web.authentication.www.BasicAuthenticationFilter@67f1643d, org.springframework.security.web.savedrequest.RequestCacheAwareFilter@53a19e52, org.springframework.security.web.servletapi.SecurityContextHolderAwareRequestFilter@413e6fa4, org.springframework.security.web.authentication.AnonymousAuthenticationFilter@4ab0cf43, org.springframework.security.web.session.SessionManagementFilter@6d5efcf2, org.springframework.security.web.access.ExceptionTranslationFilter@c462f35, org.springframework.security.web.access.intercept.FilterSecurityInterceptor@5d2e5106]
2020-09-05 23:36:50.785  INFO 7984 --- [    Test worker] o.s.b.t.m.w.SpringBootMockServletContext : Initializing Spring TestDispatcherServlet ''
2020-09-05 23:36:50.786  INFO 7984 --- [    Test worker] o.s.t.web.servlet.TestDispatcherServlet  : Initializing Servlet ''
2020-09-05 23:36:50.815  INFO 7984 --- [    Test worker] o.s.t.web.servlet.TestDispatcherServlet  : Completed initialization in 29 ms
2020-09-05 23:36:50.908  INFO 7984 --- [    Test worker] o.p.springboot.web.HelloControllerTest   : Started HelloControllerTest in 4.511 seconds (JVM running for 40.476)
]]></system-out>
  <system-err><![CDATA[]]></system-err>
</testsuite>
