<?xml version="1.0" encoding="UTF-8"?>
<testsuite name="org.practice.springboot.web.PostsApiControllerTest" tests="2" skipped="0" failures="0" errors="0" timestamp="2021-05-13T11:47:51" hostname="LUCY" time="0.553">
  <properties/>
  <testcase name="Posts_등록된다()" classname="org.practice.springboot.web.PostsApiControllerTest" time="0.495"/>
  <testcase name="Posts_수정된다()" classname="org.practice.springboot.web.PostsApiControllerTest" time="0.055"/>
  <system-out><![CDATA[2021-05-13 20:47:51.872  INFO 792 --- [    Test worker] .b.t.c.SpringBootTestContextBootstrapper : Neither @ContextConfiguration nor @ContextHierarchy found for test class [org.practice.springboot.web.PostsApiControllerTest], using SpringBootContextLoader
2021-05-13 20:47:51.874  INFO 792 --- [    Test worker] o.s.t.c.support.AbstractContextLoader    : Could not detect default resource locations for test class [org.practice.springboot.web.PostsApiControllerTest]: no resource found for suffixes {-context.xml, Context.groovy}.
2021-05-13 20:47:51.875  INFO 792 --- [    Test worker] t.c.s.AnnotationConfigContextLoaderUtils : Could not detect default configuration classes for test class [org.practice.springboot.web.PostsApiControllerTest]: PostsApiControllerTest does not declare any static, non-private, non-final, nested classes annotated with @Configuration.
2021-05-13 20:47:51.881  INFO 792 --- [    Test worker] .b.t.c.SpringBootTestContextBootstrapper : Found @SpringBootConfiguration org.practice.springboot.Application for test class org.practice.springboot.web.PostsApiControllerTest
2021-05-13 20:47:51.898  INFO 792 --- [    Test worker] .b.t.c.SpringBootTestContextBootstrapper : Loaded default TestExecutionListener class names from location [META-INF/spring.factories]: [org.springframework.security.test.context.support.WithSecurityContextTestExecutionListener, org.springframework.security.test.context.support.ReactorContextTestExecutionListener, org.springframework.boot.test.autoconfigure.restdocs.RestDocsTestExecutionListener, org.springframework.boot.test.autoconfigure.web.client.MockRestServiceServerResetTestExecutionListener, org.springframework.boot.test.autoconfigure.web.servlet.MockMvcPrintOnlyOnFailureTestExecutionListener, org.springframework.boot.test.autoconfigure.web.servlet.WebDriverTestExecutionListener, org.springframework.boot.test.autoconfigure.webservices.client.MockWebServiceServerTestExecutionListener, org.springframework.boot.test.mock.mockito.MockitoTestExecutionListener, org.springframework.boot.test.mock.mockito.ResetMocksTestExecutionListener, org.springframework.test.context.web.ServletTestExecutionListener, org.springframework.test.context.support.DirtiesContextBeforeModesTestExecutionListener, org.springframework.test.context.support.DependencyInjectionTestExecutionListener, org.springframework.test.context.support.DirtiesContextTestExecutionListener, org.springframework.test.context.transaction.TransactionalTestExecutionListener, org.springframework.test.context.jdbc.SqlScriptsTestExecutionListener, org.springframework.test.context.event.EventPublishingTestExecutionListener]
2021-05-13 20:47:51.901  INFO 792 --- [    Test worker] .b.t.c.SpringBootTestContextBootstrapper : Using TestExecutionListeners: [org.springframework.test.context.web.ServletTestExecutionListener@3c751074, org.springframework.test.context.support.DirtiesContextBeforeModesTestExecutionListener@43e46250, org.springframework.boot.test.mock.mockito.MockitoTestExecutionListener@7d36b34d, org.springframework.boot.test.autoconfigure.SpringBootDependencyInjectionTestExecutionListener@151c0a50, org.springframework.test.context.support.DirtiesContextTestExecutionListener@17e5e37, org.springframework.test.context.transaction.TransactionalTestExecutionListener@61e84aaa, org.springframework.test.context.jdbc.SqlScriptsTestExecutionListener@298c3101, org.springframework.security.test.context.support.WithSecurityContextTestExecutionListener@5cb7e0ea, org.springframework.test.context.event.EventPublishingTestExecutionListener@2fcb92ad, org.springframework.security.test.context.support.ReactorContextTestExecutionListener@c5530e4, org.springframework.boot.test.autoconfigure.restdocs.RestDocsTestExecutionListener@44990c56, org.springframework.boot.test.autoconfigure.web.client.MockRestServiceServerResetTestExecutionListener@274a149f, org.springframework.boot.test.autoconfigure.web.servlet.MockMvcPrintOnlyOnFailureTestExecutionListener@5467a421, org.springframework.boot.test.autoconfigure.web.servlet.WebDriverTestExecutionListener@71107c59, org.springframework.boot.test.autoconfigure.webservices.client.MockWebServiceServerTestExecutionListener@7de73591, org.springframework.boot.test.mock.mockito.ResetMocksTestExecutionListener@afe385e]
2021-05-13 20:47:51.967  INFO 792 --- [    Test worker] o.a.c.c.C.[Tomcat].[localhost].[/]       : Initializing Spring TestDispatcherServlet ''
2021-05-13 20:47:51.967  INFO 792 --- [    Test worker] o.s.t.web.servlet.TestDispatcherServlet  : Initializing Servlet ''
2021-05-13 20:47:51.968  INFO 792 --- [    Test worker] o.s.t.web.servlet.TestDispatcherServlet  : Completed initialization in 1 ms
Hibernate: insert into posts (created_date, modified_date, author, content, title) values (?, ?, ?, ?, ?)
Hibernate: select posts0_.id as id1_0_, posts0_.created_date as created_2_0_, posts0_.modified_date as modified3_0_, posts0_.author as author4_0_, posts0_.content as content5_0_, posts0_.title as title6_0_ from posts posts0_
Hibernate: select posts0_.id as id1_0_, posts0_.created_date as created_2_0_, posts0_.modified_date as modified3_0_, posts0_.author as author4_0_, posts0_.content as content5_0_, posts0_.title as title6_0_ from posts posts0_
Hibernate: delete from posts where id=?
2021-05-13 20:47:52.417  INFO 792 --- [    Test worker] o.a.c.c.C.[Tomcat].[localhost].[/]       : Initializing Spring TestDispatcherServlet ''
2021-05-13 20:47:52.418  INFO 792 --- [    Test worker] o.s.t.web.servlet.TestDispatcherServlet  : Initializing Servlet ''
2021-05-13 20:47:52.419  INFO 792 --- [    Test worker] o.s.t.web.servlet.TestDispatcherServlet  : Completed initialization in 1 ms
Hibernate: insert into posts (created_date, modified_date, author, content, title) values (?, ?, ?, ?, ?)
Hibernate: select posts0_.id as id1_0_0_, posts0_.created_date as created_2_0_0_, posts0_.modified_date as modified3_0_0_, posts0_.author as author4_0_0_, posts0_.content as content5_0_0_, posts0_.title as title6_0_0_ from posts posts0_ where posts0_.id=?
Hibernate: update posts set created_date=?, modified_date=?, author=?, content=?, title=? where id=?
Hibernate: select posts0_.id as id1_0_, posts0_.created_date as created_2_0_, posts0_.modified_date as modified3_0_, posts0_.author as author4_0_, posts0_.content as content5_0_, posts0_.title as title6_0_ from posts posts0_
Hibernate: select posts0_.id as id1_0_, posts0_.created_date as created_2_0_, posts0_.modified_date as modified3_0_, posts0_.author as author4_0_, posts0_.content as content5_0_, posts0_.title as title6_0_ from posts posts0_
Hibernate: delete from posts where id=?
]]></system-out>
  <system-err><![CDATA[]]></system-err>
</testsuite>
