<?xml version="1.0" encoding="UTF-8"?>
<testsuite name="org.practice.springboot.web.HelloControllerTest" tests="2" skipped="0" failures="0" errors="0" timestamp="2020-09-07T17:54:19" hostname="에리무" time="0.382">
  <properties/>
  <testcase name="hello가_리턴된다" classname="org.practice.springboot.web.HelloControllerTest" time="0.156"/>
  <testcase name="helloDto가_리턴된다" classname="org.practice.springboot.web.HelloControllerTest" time="0.224"/>
  <system-out><![CDATA[2020-09-08 02:54:15.817  INFO 3728 --- [    Test worker] .b.t.a.w.s.WebMvcTestContextBootstrapper : Neither @ContextConfiguration nor @ContextHierarchy found for test class [org.practice.springboot.web.HelloControllerTest], using SpringBootContextLoader
2020-09-08 02:54:15.819  INFO 3728 --- [    Test worker] o.s.t.c.support.AbstractContextLoader    : Could not detect default resource locations for test class [org.practice.springboot.web.HelloControllerTest]: no resource found for suffixes {-context.xml, Context.groovy}.
2020-09-08 02:54:15.820  INFO 3728 --- [    Test worker] t.c.s.AnnotationConfigContextLoaderUtils : Could not detect default configuration classes for test class [org.practice.springboot.web.HelloControllerTest]: HelloControllerTest does not declare any static, non-private, non-final, nested classes annotated with @Configuration.
2020-09-08 02:54:15.937  INFO 3728 --- [    Test worker] .b.t.c.SpringBootTestContextBootstrapper : Found @SpringBootConfiguration org.practice.springboot.Application for test class org.practice.springboot.web.HelloControllerTest
2020-09-08 02:54:15.938  INFO 3728 --- [    Test worker] .b.t.a.w.s.WebMvcTestContextBootstrapper : Loaded default TestExecutionListener class names from location [META-INF/spring.factories]: [org.springframework.security.test.context.support.WithSecurityContextTestExecutionListener, org.springframework.security.test.context.support.ReactorContextTestExecutionListener, org.springframework.boot.test.autoconfigure.restdocs.RestDocsTestExecutionListener, org.springframework.boot.test.autoconfigure.web.client.MockRestServiceServerResetTestExecutionListener, org.springframework.boot.test.autoconfigure.web.servlet.MockMvcPrintOnlyOnFailureTestExecutionListener, org.springframework.boot.test.autoconfigure.web.servlet.WebDriverTestExecutionListener, org.springframework.boot.test.mock.mockito.MockitoTestExecutionListener, org.springframework.boot.test.mock.mockito.ResetMocksTestExecutionListener, org.springframework.test.context.web.ServletTestExecutionListener, org.springframework.test.context.support.DirtiesContextBeforeModesTestExecutionListener, org.springframework.test.context.support.DependencyInjectionTestExecutionListener, org.springframework.test.context.support.DirtiesContextTestExecutionListener, org.springframework.test.context.transaction.TransactionalTestExecutionListener, org.springframework.test.context.jdbc.SqlScriptsTestExecutionListener]
2020-09-08 02:54:15.949  INFO 3728 --- [    Test worker] .b.t.a.w.s.WebMvcTestContextBootstrapper : Using TestExecutionListeners: [org.springframework.test.context.web.ServletTestExecutionListener@4e6747bc, org.springframework.test.context.support.DirtiesContextBeforeModesTestExecutionListener@75bfed15, org.springframework.boot.test.mock.mockito.MockitoTestExecutionListener@9921288, org.springframework.boot.test.autoconfigure.SpringBootDependencyInjectionTestExecutionListener@6cf53621, org.springframework.test.context.support.DirtiesContextTestExecutionListener@18dbc6a4, org.springframework.test.context.transaction.TransactionalTestExecutionListener@120657ef, org.springframework.test.context.jdbc.SqlScriptsTestExecutionListener@b190175, org.springframework.security.test.context.support.WithSecurityContextTestExecutionListener@4e987a09, org.springframework.security.test.context.support.ReactorContextTestExecutionListener@8b06b98, org.springframework.boot.test.autoconfigure.restdocs.RestDocsTestExecutionListener@2829fc4e, org.springframework.boot.test.autoconfigure.web.client.MockRestServiceServerResetTestExecutionListener@6bf84297, org.springframework.boot.test.autoconfigure.web.servlet.MockMvcPrintOnlyOnFailureTestExecutionListener@66bd25d3, org.springframework.boot.test.autoconfigure.web.servlet.WebDriverTestExecutionListener@6dda7e37, org.springframework.boot.test.mock.mockito.ResetMocksTestExecutionListener@a76344e]

  .   ____          _            __ _ _
 /\\ / ___'_ __ _ _(_)_ __  __ _ \ \ \ \
( ( )\___ | '_ | '_| | '_ \/ _` | \ \ \ \
 \\/  ___)| |_)| | | | | || (_| |  ) ) ) )
  '  |____| .__|_| |_|_| |_\__, | / / / /
 =========|_|==============|___/=/_/_/_/
 :: Spring Boot ::        (v2.1.7.RELEASE)

2020-09-08 02:54:16.050  INFO 3728 --- [    Test worker] o.p.springboot.web.HelloControllerTest   : Starting HelloControllerTest on 에리무 with PID 3728 (started by bpuuq in C:\Users\bpuuq\IdeaProjects\springboot-webservice)
2020-09-08 02:54:16.052  INFO 3728 --- [    Test worker] o.p.springboot.web.HelloControllerTest   : No active profile set, falling back to default profiles: default
2020-09-08 02:54:17.220  INFO 3728 --- [    Test worker] o.s.s.concurrent.ThreadPoolTaskExecutor  : Initializing ExecutorService 'applicationTaskExecutor'
2020-09-08 02:54:17.315  INFO 3728 --- [    Test worker] o.s.b.a.w.s.WelcomePageHandlerMapping    : Adding welcome page template: index
2020-09-08 02:54:17.970  INFO 3728 --- [    Test worker] .s.s.UserDetailsServiceAutoConfiguration : 

Using generated security password: cdccafc9-399e-4621-ae24-355c7723da78

2020-09-08 02:54:18.853  INFO 3728 --- [    Test worker] o.s.s.web.DefaultSecurityFilterChain     : Creating filter chain: any request, [org.springframework.security.web.context.request.async.WebAsyncManagerIntegrationFilter@288a8795, org.springframework.security.web.context.SecurityContextPersistenceFilter@34f7a57b, org.springframework.security.web.header.HeaderWriterFilter@7a8df58a, org.springframework.security.web.csrf.CsrfFilter@1fb9ff57, org.springframework.security.web.authentication.logout.LogoutFilter@7dfb07ba, org.springframework.security.web.authentication.UsernamePasswordAuthenticationFilter@4567f7fd, org.springframework.security.web.authentication.ui.DefaultLoginPageGeneratingFilter@4587cc5d, org.springframework.security.web.authentication.ui.DefaultLogoutPageGeneratingFilter@9b3f310, org.springframework.security.web.authentication.www.BasicAuthenticationFilter@6335c53d, org.springframework.security.web.savedrequest.RequestCacheAwareFilter@d8604b9, org.springframework.security.web.servletapi.SecurityContextHolderAwareRequestFilter@18329126, org.springframework.security.web.authentication.AnonymousAuthenticationFilter@44e2d336, org.springframework.security.web.session.SessionManagementFilter@2a9eeecb, org.springframework.security.web.access.ExceptionTranslationFilter@3671f733, org.springframework.security.web.access.intercept.FilterSecurityInterceptor@6d617d14]
2020-09-08 02:54:19.105  INFO 3728 --- [    Test worker] o.s.b.t.m.w.SpringBootMockServletContext : Initializing Spring TestDispatcherServlet ''
2020-09-08 02:54:19.106  INFO 3728 --- [    Test worker] o.s.t.web.servlet.TestDispatcherServlet  : Initializing Servlet ''
2020-09-08 02:54:19.227  INFO 3728 --- [    Test worker] o.s.t.web.servlet.TestDispatcherServlet  : Completed initialization in 120 ms
2020-09-08 02:54:19.350  INFO 3728 --- [    Test worker] o.p.springboot.web.HelloControllerTest   : Started HelloControllerTest in 3.395 seconds (JVM running for 22.742)
]]></system-out>
  <system-err><![CDATA[]]></system-err>
</testsuite>
