<?xml version="1.0" encoding="UTF-8"?>
<testsuite name="org.practice.springboot.web.PostsApiControllerTest" tests="2" skipped="0" failures="0" errors="0" timestamp="2020-09-14T09:35:14" hostname="에리무" time="0.353">
  <properties/>
  <testcase name="Posts_등록된다" classname="org.practice.springboot.web.PostsApiControllerTest" time="0.231"/>
  <testcase name="Posts_수정된다" classname="org.practice.springboot.web.PostsApiControllerTest" time="0.121"/>
  <system-out><![CDATA[2020-09-14 18:35:14.877  INFO 19904 --- [    Test worker] .b.t.c.SpringBootTestContextBootstrapper : Neither @ContextConfiguration nor @ContextHierarchy found for test class [org.practice.springboot.web.PostsApiControllerTest], using SpringBootContextLoader
2020-09-14 18:35:14.879  INFO 19904 --- [    Test worker] o.s.t.c.support.AbstractContextLoader    : Could not detect default resource locations for test class [org.practice.springboot.web.PostsApiControllerTest]: no resource found for suffixes {-context.xml, Context.groovy}.
2020-09-14 18:35:14.879  INFO 19904 --- [    Test worker] t.c.s.AnnotationConfigContextLoaderUtils : Could not detect default configuration classes for test class [org.practice.springboot.web.PostsApiControllerTest]: PostsApiControllerTest does not declare any static, non-private, non-final, nested classes annotated with @Configuration.
2020-09-14 18:35:14.883  INFO 19904 --- [    Test worker] .b.t.c.SpringBootTestContextBootstrapper : Found @SpringBootConfiguration org.practice.springboot.Application for test class org.practice.springboot.web.PostsApiControllerTest
2020-09-14 18:35:14.887  INFO 19904 --- [    Test worker] .b.t.c.SpringBootTestContextBootstrapper : Loaded default TestExecutionListener class names from location [META-INF/spring.factories]: [org.springframework.security.test.context.support.WithSecurityContextTestExecutionListener, org.springframework.security.test.context.support.ReactorContextTestExecutionListener, org.springframework.boot.test.autoconfigure.restdocs.RestDocsTestExecutionListener, org.springframework.boot.test.autoconfigure.web.client.MockRestServiceServerResetTestExecutionListener, org.springframework.boot.test.autoconfigure.web.servlet.MockMvcPrintOnlyOnFailureTestExecutionListener, org.springframework.boot.test.autoconfigure.web.servlet.WebDriverTestExecutionListener, org.springframework.boot.test.mock.mockito.MockitoTestExecutionListener, org.springframework.boot.test.mock.mockito.ResetMocksTestExecutionListener, org.springframework.test.context.web.ServletTestExecutionListener, org.springframework.test.context.support.DirtiesContextBeforeModesTestExecutionListener, org.springframework.test.context.support.DependencyInjectionTestExecutionListener, org.springframework.test.context.support.DirtiesContextTestExecutionListener, org.springframework.test.context.transaction.TransactionalTestExecutionListener, org.springframework.test.context.jdbc.SqlScriptsTestExecutionListener]
2020-09-14 18:35:14.890  INFO 19904 --- [    Test worker] .b.t.c.SpringBootTestContextBootstrapper : Using TestExecutionListeners: [org.springframework.test.context.web.ServletTestExecutionListener@72c04ff2, org.springframework.test.context.support.DirtiesContextBeforeModesTestExecutionListener@605b80c3, org.springframework.boot.test.mock.mockito.MockitoTestExecutionListener@51edb549, org.springframework.boot.test.autoconfigure.SpringBootDependencyInjectionTestExecutionListener@2e52f52e, org.springframework.test.context.support.DirtiesContextTestExecutionListener@5e9d80c9, org.springframework.test.context.transaction.TransactionalTestExecutionListener@627c5e41, org.springframework.test.context.jdbc.SqlScriptsTestExecutionListener@5e07e8ba, org.springframework.security.test.context.support.WithSecurityContextTestExecutionListener@67c59dd1, org.springframework.security.test.context.support.ReactorContextTestExecutionListener@556cc228, org.springframework.boot.test.autoconfigure.restdocs.RestDocsTestExecutionListener@55621092, org.springframework.boot.test.autoconfigure.web.client.MockRestServiceServerResetTestExecutionListener@344170bc, org.springframework.boot.test.autoconfigure.web.servlet.MockMvcPrintOnlyOnFailureTestExecutionListener@7f2158f0, org.springframework.boot.test.autoconfigure.web.servlet.WebDriverTestExecutionListener@4c6fb8be, org.springframework.boot.test.mock.mockito.ResetMocksTestExecutionListener@94cc721]
2020-09-14 18:35:14.931  INFO 19904 --- [    Test worker] o.a.c.c.C.[Tomcat].[localhost].[/]       : Initializing Spring TestDispatcherServlet ''
2020-09-14 18:35:14.931  INFO 19904 --- [    Test worker] o.s.t.web.servlet.TestDispatcherServlet  : Initializing Servlet ''
2020-09-14 18:35:14.936  INFO 19904 --- [    Test worker] o.s.t.web.servlet.TestDispatcherServlet  : Completed initialization in 4 ms
Hibernate: insert into posts (created_date, modified_date, author, content, title) values (?, ?, ?, ?, ?)
Hibernate: select posts0_.id as id1_0_, posts0_.created_date as created_2_0_, posts0_.modified_date as modified3_0_, posts0_.author as author4_0_, posts0_.content as content5_0_, posts0_.title as title6_0_ from posts posts0_
Hibernate: select posts0_.id as id1_0_, posts0_.created_date as created_2_0_, posts0_.modified_date as modified3_0_, posts0_.author as author4_0_, posts0_.content as content5_0_, posts0_.title as title6_0_ from posts posts0_
Hibernate: delete from posts where id=?
2020-09-14 18:35:15.151  INFO 19904 --- [    Test worker] o.a.c.c.C.[Tomcat].[localhost].[/]       : Initializing Spring TestDispatcherServlet ''
2020-09-14 18:35:15.151  INFO 19904 --- [    Test worker] o.s.t.web.servlet.TestDispatcherServlet  : Initializing Servlet ''
2020-09-14 18:35:15.177  INFO 19904 --- [    Test worker] o.s.t.web.servlet.TestDispatcherServlet  : Completed initialization in 26 ms
Hibernate: insert into posts (created_date, modified_date, author, content, title) values (?, ?, ?, ?, ?)
Hibernate: select posts0_.id as id1_0_0_, posts0_.created_date as created_2_0_0_, posts0_.modified_date as modified3_0_0_, posts0_.author as author4_0_0_, posts0_.content as content5_0_0_, posts0_.title as title6_0_0_ from posts posts0_ where posts0_.id=?
Hibernate: update posts set created_date=?, modified_date=?, author=?, content=?, title=? where id=?
Hibernate: select posts0_.id as id1_0_, posts0_.created_date as created_2_0_, posts0_.modified_date as modified3_0_, posts0_.author as author4_0_, posts0_.content as content5_0_, posts0_.title as title6_0_ from posts posts0_
Hibernate: select posts0_.id as id1_0_, posts0_.created_date as created_2_0_, posts0_.modified_date as modified3_0_, posts0_.author as author4_0_, posts0_.content as content5_0_, posts0_.title as title6_0_ from posts posts0_
Hibernate: delete from posts where id=?
]]></system-out>
  <system-err><![CDATA[]]></system-err>
</testsuite>
