<?xml version="1.0" encoding="UTF-8"?>
<testsuite name="org.practice.springboot.domain.posts.PostRepositoryTest" tests="2" skipped="0" failures="0" errors="0" timestamp="2020-09-07T17:20:05" hostname="에리무" time="1.35">
  <properties/>
  <testcase name="게시글저장_불러오기" classname="org.practice.springboot.domain.posts.PostRepositoryTest" time="1.297"/>
  <testcase name="BaseTimeEntity_등록" classname="org.practice.springboot.domain.posts.PostRepositoryTest" time="0.052"/>
  <system-out><![CDATA[02:19:45.639 [Test worker] DEBUG org.springframework.test.context.junit4.SpringJUnit4ClassRunner - SpringJUnit4ClassRunner constructor called with [class org.practice.springboot.domain.posts.PostRepositoryTest]
02:19:45.660 [Test worker] DEBUG org.springframework.test.context.BootstrapUtils - Instantiating CacheAwareContextLoaderDelegate from class [org.springframework.test.context.cache.DefaultCacheAwareContextLoaderDelegate]
02:19:45.696 [Test worker] DEBUG org.springframework.test.context.BootstrapUtils - Instantiating BootstrapContext using constructor [public org.springframework.test.context.support.DefaultBootstrapContext(java.lang.Class,org.springframework.test.context.CacheAwareContextLoaderDelegate)]
02:19:45.738 [Test worker] DEBUG org.springframework.test.context.BootstrapUtils - Instantiating TestContextBootstrapper for test class [org.practice.springboot.domain.posts.PostRepositoryTest] from class [org.springframework.boot.test.context.SpringBootTestContextBootstrapper]
02:19:45.775 [Test worker] INFO org.springframework.boot.test.context.SpringBootTestContextBootstrapper - Neither @ContextConfiguration nor @ContextHierarchy found for test class [org.practice.springboot.domain.posts.PostRepositoryTest], using SpringBootContextLoader
02:19:45.783 [Test worker] DEBUG org.springframework.test.context.support.AbstractContextLoader - Did not detect default resource location for test class [org.practice.springboot.domain.posts.PostRepositoryTest]: class path resource [org/practice/springboot/domain/posts/PostRepositoryTest-context.xml] does not exist
02:19:45.784 [Test worker] DEBUG org.springframework.test.context.support.AbstractContextLoader - Did not detect default resource location for test class [org.practice.springboot.domain.posts.PostRepositoryTest]: class path resource [org/practice/springboot/domain/posts/PostRepositoryTestContext.groovy] does not exist
02:19:45.784 [Test worker] INFO org.springframework.test.context.support.AbstractContextLoader - Could not detect default resource locations for test class [org.practice.springboot.domain.posts.PostRepositoryTest]: no resource found for suffixes {-context.xml, Context.groovy}.
02:19:45.787 [Test worker] INFO org.springframework.test.context.support.AnnotationConfigContextLoaderUtils - Could not detect default configuration classes for test class [org.practice.springboot.domain.posts.PostRepositoryTest]: PostRepositoryTest does not declare any static, non-private, non-final, nested classes annotated with @Configuration.
02:19:45.895 [Test worker] DEBUG org.springframework.test.context.support.ActiveProfilesUtils - Could not find an 'annotation declaring class' for annotation type [org.springframework.test.context.ActiveProfiles] and class [org.practice.springboot.domain.posts.PostRepositoryTest]
02:19:46.104 [Test worker] DEBUG org.springframework.context.annotation.ClassPathScanningCandidateComponentProvider - Identified candidate component class: file [C:\Users\bpuuq\IdeaProjects\springboot-webservice\build\classes\java\main\org\practice\springboot\Application.class]
02:19:46.107 [Test worker] INFO org.springframework.boot.test.context.SpringBootTestContextBootstrapper - Found @SpringBootConfiguration org.practice.springboot.Application for test class org.practice.springboot.domain.posts.PostRepositoryTest
02:19:46.414 [Test worker] DEBUG org.springframework.boot.test.context.SpringBootTestContextBootstrapper - @TestExecutionListeners is not present for class [org.practice.springboot.domain.posts.PostRepositoryTest]: using defaults.
02:19:46.416 [Test worker] INFO org.springframework.boot.test.context.SpringBootTestContextBootstrapper - Loaded default TestExecutionListener class names from location [META-INF/spring.factories]: [org.springframework.security.test.context.support.WithSecurityContextTestExecutionListener, org.springframework.security.test.context.support.ReactorContextTestExecutionListener, org.springframework.boot.test.autoconfigure.restdocs.RestDocsTestExecutionListener, org.springframework.boot.test.autoconfigure.web.client.MockRestServiceServerResetTestExecutionListener, org.springframework.boot.test.autoconfigure.web.servlet.MockMvcPrintOnlyOnFailureTestExecutionListener, org.springframework.boot.test.autoconfigure.web.servlet.WebDriverTestExecutionListener, org.springframework.boot.test.mock.mockito.MockitoTestExecutionListener, org.springframework.boot.test.mock.mockito.ResetMocksTestExecutionListener, org.springframework.test.context.web.ServletTestExecutionListener, org.springframework.test.context.support.DirtiesContextBeforeModesTestExecutionListener, org.springframework.test.context.support.DependencyInjectionTestExecutionListener, org.springframework.test.context.support.DirtiesContextTestExecutionListener, org.springframework.test.context.transaction.TransactionalTestExecutionListener, org.springframework.test.context.jdbc.SqlScriptsTestExecutionListener]
02:19:46.485 [Test worker] INFO org.springframework.boot.test.context.SpringBootTestContextBootstrapper - Using TestExecutionListeners: [org.springframework.test.context.web.ServletTestExecutionListener@1e03694c, org.springframework.test.context.support.DirtiesContextBeforeModesTestExecutionListener@21a64fa0, org.springframework.boot.test.mock.mockito.MockitoTestExecutionListener@6cd0f7c0, org.springframework.boot.test.autoconfigure.SpringBootDependencyInjectionTestExecutionListener@93467eb, org.springframework.test.context.support.DirtiesContextTestExecutionListener@cf82688, org.springframework.test.context.transaction.TransactionalTestExecutionListener@1fb0a3f8, org.springframework.test.context.jdbc.SqlScriptsTestExecutionListener@74b53939, org.springframework.security.test.context.support.WithSecurityContextTestExecutionListener@5e14037b, org.springframework.security.test.context.support.ReactorContextTestExecutionListener@1395b257, org.springframework.boot.test.autoconfigure.restdocs.RestDocsTestExecutionListener@9a06cbe, org.springframework.boot.test.autoconfigure.web.client.MockRestServiceServerResetTestExecutionListener@5401e042, org.springframework.boot.test.autoconfigure.web.servlet.MockMvcPrintOnlyOnFailureTestExecutionListener@2a702e62, org.springframework.boot.test.autoconfigure.web.servlet.WebDriverTestExecutionListener@14493671, org.springframework.boot.test.mock.mockito.ResetMocksTestExecutionListener@1e867dda]
02:19:46.492 [Test worker] DEBUG org.springframework.test.annotation.ProfileValueUtils - Retrieved @ProfileValueSourceConfiguration [null] for test class [org.practice.springboot.domain.posts.PostRepositoryTest]
02:19:46.494 [Test worker] DEBUG org.springframework.test.annotation.ProfileValueUtils - Retrieved ProfileValueSource type [class org.springframework.test.annotation.SystemProfileValueSource] for class [org.practice.springboot.domain.posts.PostRepositoryTest]
02:19:46.497 [Test worker] DEBUG org.springframework.test.annotation.ProfileValueUtils - Retrieved @ProfileValueSourceConfiguration [null] for test class [org.practice.springboot.domain.posts.PostRepositoryTest]
02:19:46.497 [Test worker] DEBUG org.springframework.test.annotation.ProfileValueUtils - Retrieved ProfileValueSource type [class org.springframework.test.annotation.SystemProfileValueSource] for class [org.practice.springboot.domain.posts.PostRepositoryTest]
02:19:46.510 [Test worker] DEBUG org.springframework.test.context.support.AbstractDirtiesContextTestExecutionListener - Before test class: context [DefaultTestContext@14a802b testClass = PostRepositoryTest, testInstance = [null], testMethod = [null], testException = [null], mergedContextConfiguration = [WebMergedContextConfiguration@97da361 testClass = PostRepositoryTest, locations = '{}', classes = '{class org.practice.springboot.Application}', contextInitializerClasses = '[]', activeProfiles = '{}', propertySourceLocations = '{}', propertySourceProperties = '{org.springframework.boot.test.context.SpringBootTestContextBootstrapper=true}', contextCustomizers = set[org.springframework.boot.test.autoconfigure.properties.PropertyMappingContextCustomizer@0, org.springframework.boot.test.autoconfigure.web.servlet.WebDriverContextCustomizerFactory$Customizer@7ae2de2, org.springframework.boot.test.context.filter.ExcludeFilterContextCustomizer@7516779b, org.springframework.boot.test.json.DuplicateJsonObjectContextCustomizerFactory$DuplicateJsonObjectContextCustomizer@3f160d96, org.springframework.boot.test.mock.mockito.MockitoContextCustomizer@0, org.springframework.boot.test.web.client.TestRestTemplateContextCustomizer@4bf3fd70], resourceBasePath = 'src/main/webapp', contextLoader = 'org.springframework.boot.test.context.SpringBootContextLoader', parent = [null]], attributes = map['org.springframework.test.context.web.ServletTestExecutionListener.activateListener' -> true]], class annotated with @DirtiesContext [false] with mode [null].
02:19:46.512 [Test worker] DEBUG org.springframework.test.annotation.ProfileValueUtils - Retrieved @ProfileValueSourceConfiguration [null] for test class [org.practice.springboot.domain.posts.PostRepositoryTest]
02:19:46.512 [Test worker] DEBUG org.springframework.test.annotation.ProfileValueUtils - Retrieved ProfileValueSource type [class org.springframework.test.annotation.SystemProfileValueSource] for class [org.practice.springboot.domain.posts.PostRepositoryTest]
02:19:46.572 [Test worker] DEBUG org.springframework.test.context.support.TestPropertySourceUtils - Adding inlined properties to environment: {spring.jmx.enabled=false, org.springframework.boot.test.context.SpringBootTestContextBootstrapper=true, server.port=-1}

  .   ____          _            __ _ _
 /\\ / ___'_ __ _ _(_)_ __  __ _ \ \ \ \
( ( )\___ | '_ | '_| | '_ \/ _` | \ \ \ \
 \\/  ___)| |_)| | | | | || (_| |  ) ) ) )
  '  |____| .__|_| |_|_| |_\__, | / / / /
 =========|_|==============|___/=/_/_/_/
 :: Spring Boot ::        (v2.1.7.RELEASE)

2020-09-08 02:19:47.432  INFO 14696 --- [    Test worker] o.p.s.domain.posts.PostRepositoryTest    : Starting PostRepositoryTest on 에리무 with PID 14696 (started by bpuuq in C:\Users\bpuuq\IdeaProjects\springboot-webservice)
2020-09-08 02:19:47.436  INFO 14696 --- [    Test worker] o.p.s.domain.posts.PostRepositoryTest    : No active profile set, falling back to default profiles: default
2020-09-08 02:19:50.087  INFO 14696 --- [    Test worker] .s.d.r.c.RepositoryConfigurationDelegate : Bootstrapping Spring Data repositories in DEFAULT mode.
2020-09-08 02:19:50.306  INFO 14696 --- [    Test worker] .s.d.r.c.RepositoryConfigurationDelegate : Finished Spring Data repository scanning in 193ms. Found 2 repository interfaces.
2020-09-08 02:19:51.493  INFO 14696 --- [    Test worker] trationDelegate$BeanPostProcessorChecker : Bean 'org.springframework.transaction.annotation.ProxyTransactionManagementConfiguration' of type [org.springframework.transaction.annotation.ProxyTransactionManagementConfiguration$$EnhancerBySpringCGLIB$$815a841b] is not eligible for getting processed by all BeanPostProcessors (for example: not eligible for auto-proxying)
2020-09-08 02:19:52.097  INFO 14696 --- [    Test worker] com.zaxxer.hikari.HikariDataSource       : HikariPool-1 - Starting...
2020-09-08 02:19:52.486  INFO 14696 --- [    Test worker] com.zaxxer.hikari.HikariDataSource       : HikariPool-1 - Start completed.
2020-09-08 02:19:52.730  INFO 14696 --- [    Test worker] o.hibernate.jpa.internal.util.LogHelper  : HHH000204: Processing PersistenceUnitInfo [
	name: default
	...]
2020-09-08 02:19:52.925  INFO 14696 --- [    Test worker] org.hibernate.Version                    : HHH000412: Hibernate Core {5.3.10.Final}
2020-09-08 02:19:52.931  INFO 14696 --- [    Test worker] org.hibernate.cfg.Environment            : HHH000206: hibernate.properties not found
2020-09-08 02:19:53.400  INFO 14696 --- [    Test worker] o.hibernate.annotations.common.Version   : HCANN000001: Hibernate Commons Annotations {5.0.4.Final}
2020-09-08 02:19:53.868  INFO 14696 --- [    Test worker] org.hibernate.dialect.Dialect            : HHH000400: Using dialect: org.hibernate.dialect.MySQL5Dialect
Hibernate: drop table if exists posts
Hibernate: drop table if exists user
Hibernate: create table posts (id bigint not null auto_increment, created_date datetime, modified_date datetime, author varchar(255), content TEXT not null, title varchar(500) not null, primary key (id)) engine=MyISAM
Hibernate: create table user (id bigint not null auto_increment, created_date datetime, modified_date datetime, email varchar(255) not null, name varchar(255) not null, picture varchar(255), role varchar(255) not null, primary key (id)) engine=MyISAM
2020-09-08 02:19:55.766  INFO 14696 --- [    Test worker] o.h.t.schema.internal.SchemaCreatorImpl  : HHH000476: Executing import script 'org.hibernate.tool.schema.internal.exec.ScriptSourceInputNonExistentImpl@10e19707'
2020-09-08 02:19:55.774  INFO 14696 --- [    Test worker] j.LocalContainerEntityManagerFactoryBean : Initialized JPA EntityManagerFactory for persistence unit 'default'
2020-09-08 02:19:57.587  INFO 14696 --- [    Test worker] o.h.h.i.QueryTranslatorFactoryInitiator  : HHH000397: Using ASTQueryTranslatorFactory
2020-09-08 02:19:59.454  INFO 14696 --- [    Test worker] o.s.s.web.DefaultSecurityFilterChain     : Creating filter chain: any request, [org.springframework.security.web.context.request.async.WebAsyncManagerIntegrationFilter@4e1135d6, org.springframework.security.web.context.SecurityContextPersistenceFilter@1053d565, org.springframework.security.web.header.HeaderWriterFilter@3562bafb, org.springframework.security.web.authentication.logout.LogoutFilter@23b9498, org.springframework.security.oauth2.client.web.OAuth2AuthorizationRequestRedirectFilter@2975c7ea, org.springframework.security.oauth2.client.web.OAuth2LoginAuthenticationFilter@2b29b9e9, org.springframework.security.web.authentication.ui.DefaultLoginPageGeneratingFilter@3a39f86d, org.springframework.security.web.authentication.ui.DefaultLogoutPageGeneratingFilter@5f3baa3f, org.springframework.security.web.savedrequest.RequestCacheAwareFilter@5e2bb392, org.springframework.security.web.servletapi.SecurityContextHolderAwareRequestFilter@6f8e5f89, org.springframework.security.web.authentication.AnonymousAuthenticationFilter@a44f897, org.springframework.security.web.session.SessionManagementFilter@4f348fe6, org.springframework.security.web.access.ExceptionTranslationFilter@6de8cabf, org.springframework.security.web.access.intercept.FilterSecurityInterceptor@452edf77]
2020-09-08 02:20:02.199  INFO 14696 --- [    Test worker] o.s.s.concurrent.ThreadPoolTaskExecutor  : Initializing ExecutorService 'applicationTaskExecutor'
2020-09-08 02:20:02.417  WARN 14696 --- [    Test worker] aWebConfiguration$JpaWebMvcConfiguration : spring.jpa.open-in-view is enabled by default. Therefore, database queries may be performed during view rendering. Explicitly configure spring.jpa.open-in-view to disable this warning
2020-09-08 02:20:02.759  INFO 14696 --- [    Test worker] o.s.b.a.w.s.WelcomePageHandlerMapping    : Adding welcome page template: index
2020-09-08 02:20:05.513  INFO 14696 --- [    Test worker] s.a.ScheduledAnnotationBeanPostProcessor : No TaskScheduler/ScheduledExecutorService bean found for scheduled processing
2020-09-08 02:20:05.542  INFO 14696 --- [    Test worker] o.p.s.domain.posts.PostRepositoryTest    : Started PostRepositoryTest in 18.95 seconds (JVM running for 21.98)
Hibernate: insert into posts (created_date, modified_date, author, content, title) values (?, ?, ?, ?, ?)
Hibernate: select posts0_.id as id1_0_, posts0_.created_date as created_2_0_, posts0_.modified_date as modified3_0_, posts0_.author as author4_0_, posts0_.content as content5_0_, posts0_.title as title6_0_ from posts posts0_
Hibernate: select posts0_.id as id1_0_, posts0_.created_date as created_2_0_, posts0_.modified_date as modified3_0_, posts0_.author as author4_0_, posts0_.content as content5_0_, posts0_.title as title6_0_ from posts posts0_
Hibernate: delete from posts where id=?
Hibernate: insert into posts (created_date, modified_date, author, content, title) values (?, ?, ?, ?, ?)
Hibernate: select posts0_.id as id1_0_, posts0_.created_date as created_2_0_, posts0_.modified_date as modified3_0_, posts0_.author as author4_0_, posts0_.content as content5_0_, posts0_.title as title6_0_ from posts posts0_
>>>>>>>>>>> createDate=2020-09-08T02:20:06.910, modifiedDate=2020-09-08T02:20:06.910
Hibernate: select posts0_.id as id1_0_, posts0_.created_date as created_2_0_, posts0_.modified_date as modified3_0_, posts0_.author as author4_0_, posts0_.content as content5_0_, posts0_.title as title6_0_ from posts posts0_
Hibernate: delete from posts where id=?
]]></system-out>
  <system-err><![CDATA[]]></system-err>
</testsuite>
