<?xml version="1.0" encoding="UTF-8"?>
<testsuite name="org.practice.springboot.web.PostsApiControllerTest" tests="2" skipped="0" failures="0" errors="0" timestamp="2020-09-05T14:37:00" hostname="에리무" time="0.333">
  <properties/>
  <testcase name="Posts_등록된다" classname="org.practice.springboot.web.PostsApiControllerTest" time="0.221"/>
  <testcase name="Posts_수정된다" classname="org.practice.springboot.web.PostsApiControllerTest" time="0.107"/>
  <system-out><![CDATA[2020-09-05 23:37:00.749  INFO 7984 --- [    Test worker] .b.t.c.SpringBootTestContextBootstrapper : Neither @ContextConfiguration nor @ContextHierarchy found for test class [org.practice.springboot.web.PostsApiControllerTest], using SpringBootContextLoader
2020-09-05 23:37:00.754  INFO 7984 --- [    Test worker] o.s.t.c.support.AbstractContextLoader    : Could not detect default resource locations for test class [org.practice.springboot.web.PostsApiControllerTest]: no resource found for suffixes {-context.xml, Context.groovy}.
2020-09-05 23:37:00.754  INFO 7984 --- [    Test worker] t.c.s.AnnotationConfigContextLoaderUtils : Could not detect default configuration classes for test class [org.practice.springboot.web.PostsApiControllerTest]: PostsApiControllerTest does not declare any static, non-private, non-final, nested classes annotated with @Configuration.
2020-09-05 23:37:00.764  INFO 7984 --- [    Test worker] .b.t.c.SpringBootTestContextBootstrapper : Found @SpringBootConfiguration org.practice.springboot.Application for test class org.practice.springboot.web.PostsApiControllerTest
2020-09-05 23:37:00.768  INFO 7984 --- [    Test worker] .b.t.c.SpringBootTestContextBootstrapper : Loaded default TestExecutionListener class names from location [META-INF/spring.factories]: [org.springframework.security.test.context.support.WithSecurityContextTestExecutionListener, org.springframework.security.test.context.support.ReactorContextTestExecutionListener, org.springframework.boot.test.autoconfigure.restdocs.RestDocsTestExecutionListener, org.springframework.boot.test.autoconfigure.web.client.MockRestServiceServerResetTestExecutionListener, org.springframework.boot.test.autoconfigure.web.servlet.MockMvcPrintOnlyOnFailureTestExecutionListener, org.springframework.boot.test.autoconfigure.web.servlet.WebDriverTestExecutionListener, org.springframework.boot.test.mock.mockito.MockitoTestExecutionListener, org.springframework.boot.test.mock.mockito.ResetMocksTestExecutionListener, org.springframework.test.context.web.ServletTestExecutionListener, org.springframework.test.context.support.DirtiesContextBeforeModesTestExecutionListener, org.springframework.test.context.support.DependencyInjectionTestExecutionListener, org.springframework.test.context.support.DirtiesContextTestExecutionListener, org.springframework.test.context.transaction.TransactionalTestExecutionListener, org.springframework.test.context.jdbc.SqlScriptsTestExecutionListener]
2020-09-05 23:37:00.771  INFO 7984 --- [    Test worker] .b.t.c.SpringBootTestContextBootstrapper : Using TestExecutionListeners: [org.springframework.test.context.web.ServletTestExecutionListener@1aa2056a, org.springframework.test.context.support.DirtiesContextBeforeModesTestExecutionListener@bb78f79, org.springframework.boot.test.mock.mockito.MockitoTestExecutionListener@319fe50c, org.springframework.boot.test.autoconfigure.SpringBootDependencyInjectionTestExecutionListener@1386e831, org.springframework.test.context.support.DirtiesContextTestExecutionListener@1905367e, org.springframework.test.context.transaction.TransactionalTestExecutionListener@2efebe60, org.springframework.test.context.jdbc.SqlScriptsTestExecutionListener@60078936, org.springframework.security.test.context.support.WithSecurityContextTestExecutionListener@44e42267, org.springframework.security.test.context.support.ReactorContextTestExecutionListener@74625a43, org.springframework.boot.test.autoconfigure.restdocs.RestDocsTestExecutionListener@2fb4e711, org.springframework.boot.test.autoconfigure.web.client.MockRestServiceServerResetTestExecutionListener@73a685e8, org.springframework.boot.test.autoconfigure.web.servlet.MockMvcPrintOnlyOnFailureTestExecutionListener@163476e1, org.springframework.boot.test.autoconfigure.web.servlet.WebDriverTestExecutionListener@70e29626, org.springframework.boot.test.mock.mockito.ResetMocksTestExecutionListener@78666b44]
2020-09-05 23:37:00.796  INFO 7984 --- [    Test worker] o.a.c.c.C.[Tomcat].[localhost].[/]       : Initializing Spring TestDispatcherServlet ''
2020-09-05 23:37:00.796  INFO 7984 --- [    Test worker] o.s.t.web.servlet.TestDispatcherServlet  : Initializing Servlet ''
2020-09-05 23:37:00.803  INFO 7984 --- [    Test worker] o.s.t.web.servlet.TestDispatcherServlet  : Completed initialization in 5 ms
Hibernate: insert into posts (created_date, modified_date, author, content, title) values (?, ?, ?, ?, ?)
Hibernate: select posts0_.id as id1_0_, posts0_.created_date as created_2_0_, posts0_.modified_date as modified3_0_, posts0_.author as author4_0_, posts0_.content as content5_0_, posts0_.title as title6_0_ from posts posts0_
Hibernate: select posts0_.id as id1_0_, posts0_.created_date as created_2_0_, posts0_.modified_date as modified3_0_, posts0_.author as author4_0_, posts0_.content as content5_0_, posts0_.title as title6_0_ from posts posts0_
Hibernate: delete from posts where id=?
2020-09-05 23:37:01.013  INFO 7984 --- [    Test worker] o.a.c.c.C.[Tomcat].[localhost].[/]       : Initializing Spring TestDispatcherServlet ''
2020-09-05 23:37:01.014  INFO 7984 --- [    Test worker] o.s.t.web.servlet.TestDispatcherServlet  : Initializing Servlet ''
2020-09-05 23:37:01.018  INFO 7984 --- [    Test worker] o.s.t.web.servlet.TestDispatcherServlet  : Completed initialization in 4 ms
Hibernate: insert into posts (created_date, modified_date, author, content, title) values (?, ?, ?, ?, ?)
Hibernate: select posts0_.id as id1_0_0_, posts0_.created_date as created_2_0_0_, posts0_.modified_date as modified3_0_0_, posts0_.author as author4_0_0_, posts0_.content as content5_0_0_, posts0_.title as title6_0_0_ from posts posts0_ where posts0_.id=?
Hibernate: update posts set created_date=?, modified_date=?, author=?, content=?, title=? where id=?
Hibernate: select posts0_.id as id1_0_, posts0_.created_date as created_2_0_, posts0_.modified_date as modified3_0_, posts0_.author as author4_0_, posts0_.content as content5_0_, posts0_.title as title6_0_ from posts posts0_
Hibernate: select posts0_.id as id1_0_, posts0_.created_date as created_2_0_, posts0_.modified_date as modified3_0_, posts0_.author as author4_0_, posts0_.content as content5_0_, posts0_.title as title6_0_ from posts posts0_
Hibernate: delete from posts where id=?
]]></system-out>
  <system-err><![CDATA[]]></system-err>
</testsuite>
