<?xml version="1.0" encoding="UTF-8"?>
<testsuite name="org.practice.springboot.web.ProfileControllerUnitTest" tests="3" skipped="0" failures="0" errors="0" timestamp="2021-05-13T11:47:55" hostname="LUCY" time="0.007">
  <properties/>
  <testcase name="active_profile이_없으면_default가_조회된다()" classname="org.practice.springboot.web.ProfileControllerUnitTest" time="0.005"/>
  <testcase name="real_profile이_없으면_첫번째가_조회된다()" classname="org.practice.springboot.web.ProfileControllerUnitTest" time="0.0"/>
  <testcase name="real_profile이_조회된다()" classname="org.practice.springboot.web.ProfileControllerUnitTest" time="0.0"/>
  <system-out><![CDATA[]]></system-out>
  <system-err><![CDATA[]]></system-err>
</testsuite>
